2023-03-28T21:52:00.3832: Connect
2023-03-28T21:52:00.3843: using: localhost:1521 ..... [SUCCEED]
2023-03-28T21:52:00.3844: Open :(DESCRIPTION=(ADDRESS=(PROTOCOL=tcp)(HOST=localhost)(PORT=1521))(CONNECT_DATA=(SERVICE_NAME=ORCLCDB.localdomain)(CID=(PROGRAM=/tmp/go-build1698919020/b001/exe/main)(HOST=fedora)(USER=thehaung))))
2023-03-28T21:52:00.3844: 
Write packet:
00000000  01 09 00 00 01 00 00 00  01 3d 01 2c 0c 01 ff ff  |.........=.,....|
00000010  ff ff 4f 98 00 00 00 01  00 c3 00 46 00 00 00 00  |..O........F....|
00000020  01 01 00 00 00 00 00 00  00 00 00 00 00 00 00 00  |................|
00000030  00 00 00 00 00 00 00 00  00 00 00 20 00 00 00 20  |........... ... |
00000040  00 00 00 00 00 00 28 44  45 53 43 52 49 50 54 49  |......(DESCRIPTI|
00000050  4f 4e 3d 28 41 44 44 52  45 53 53 3d 28 50 52 4f  |ON=(ADDRESS=(PRO|
00000060  54 4f 43 4f 4c 3d 74 63  70 29 28 48 4f 53 54 3d  |TOCOL=tcp)(HOST=|
00000070  6c 6f 63 61 6c 68 6f 73  74 29 28 50 4f 52 54 3d  |localhost)(PORT=|
00000080  31 35 32 31 29 29 28 43  4f 4e 4e 45 43 54 5f 44  |1521))(CONNECT_D|
00000090  41 54 41 3d 28 53 45 52  56 49 43 45 5f 4e 41 4d  |ATA=(SERVICE_NAM|
000000a0  45 3d 4f 52 43 4c 43 44  42 2e 6c 6f 63 61 6c 64  |E=ORCLCDB.locald|
000000b0  6f 6d 61 69 6e 29 28 43  49 44 3d 28 50 52 4f 47  |omain)(CID=(PROG|
000000c0  52 41 4d 3d 2f 74 6d 70  2f 67 6f 2d 62 75 69 6c  |RAM=/tmp/go-buil|
000000d0  64 31 36 39 38 39 31 39  30 32 30 2f 62 30 30 31  |d1698919020/b001|
000000e0  2f 65 78 65 2f 6d 61 69  6e 29 28 48 4f 53 54 3d  |/exe/main)(HOST=|
000000f0  66 65 64 6f 72 61 29 28  55 53 45 52 3d 74 68 65  |fedora)(USER=the|
00000100  68 61 75 6e 67 29 29 29  29                       |haung))))|
2023-03-28T21:52:00.3961: 
Read packet:
00000000  00 29 00 00 02 00 00 00  01 3c 0c 01 00 00 00 00  |.).......<......|
00000010  01 00 00 00 00 29 41 01  00 00 00 00 00 00 00 00  |.....)A.........|
00000020  00 00 20 00 00 20 00 00  00                       |.. .. ...|
2023-03-28T21:52:00.3962: Handshake Complete
2023-03-28T21:52:00.3962: Advance Negotiation
2023-03-28T21:52:00.3962: 
Write packet:
00000000  00 00 00 9d 06 00 00 00  00 00 de ad be ef 00 93  |................|
00000010  0b 20 02 00 00 04 00 00  04 00 03 00 00 00 00 00  |. ..............|
00000020  04 00 05 0b 20 02 00 00  08 00 01 00 00 10 1c 66  |.... ..........f|
00000030  ec 28 ea 00 12 00 01 de  ad be ef 00 03 00 00 00  |.(..............|
00000040  04 00 04 00 01 00 02 00  03 00 01 00 03 00 00 00  |................|
00000050  00 00 04 00 05 0b 20 02  00 00 02 00 03 e0 e1 00  |...... .........|
00000060  02 00 06 fc ff 00 02 00  03 00 00 00 00 00 04 00  |................|
00000070  05 0b 20 02 00 00 05 00  01 00 02 0f 10 11 00 01  |.. .............|
00000080  00 02 01 00 03 00 02 00  00 00 00 00 04 00 05 0b  |................|
00000090  20 02 00 00 06 00 01 00  01 03 04 05 06           | ............|
2023-03-28T21:52:00.3965: 
Read packet:
00000000  00 00 00 7f 06 20 00 00  00 00 de ad be ef 00 75  |..... .........u|
00000010  00 00 00 00 00 04 00 00  04 00 03 00 00 00 00 00  |................|
00000020  04 00 05 0c 20 01 00 00  02 00 06 00 1f 00 0e 00  |.... ...........|
00000030  01 de ad be ef 00 03 00  00 00 02 00 04 00 01 00  |................|
00000040  01 00 02 00 00 00 00 00  04 00 05 0c 20 01 00 00  |............ ...|
00000050  02 00 06 fb ff 00 02 00  02 00 00 00 00 00 04 00  |................|
00000060  05 0c 20 01 00 00 01 00  02 00 00 03 00 02 00 00  |.. .............|
00000070  00 00 00 04 00 05 0c 20  01 00 00 01 00 02 00     |....... .......|
2023-03-28T21:52:00.3965: TCP Negotiation
2023-03-28T21:52:00.3966: 
Write packet:
00000000  00 00 00 1c 06 00 00 00  00 00 01 06 00 4f 72 61  |.............Ora|
00000010  63 6c 65 43 6c 69 65 6e  74 47 6f 00              |cleClientGo.|
2023-03-28T21:52:00.3968: 
Read packet:
00000000  00 00 00 f1 06 00 00 00  00 00 01 06 00 78 38 36  |.............x86|
00000010  5f 36 34 2f 4c 69 6e 75  78 20 32 2e 34 2e 78 78  |_64/Linux 2.4.xx|
00000020  00 69 03 01 0a 00 66 03  40 03 01 40 03 66 03 01  |.i....f.@..@.f..|
00000030  66 03 48 03 01 48 03 66  03 01 66 03 52 03 01 52  |f.H..H.f..f.R..R|
00000040  03 66 03 01 66 03 61 03  01 61 03 66 03 01 66 03  |.f..f.a..a.f..f.|
00000050  1f 03 08 1f 03 66 03 01  00 64 00 00 00 60 01 24  |.....f...d...`.$|
00000060  0f 05 0b 0c 03 0c 0c 05  04 05 0d 06 09 07 08 05  |................|
00000070  05 05 05 05 0f 05 05 05  05 05 0a 05 05 05 05 05  |................|
00000080  04 05 06 07 08 08 23 47  23 47 08 11 23 08 11 41  |......#G#G..#..A|
00000090  b0 47 00 83 03 69 07 d0  03 00 00 00 00 00 00 00  |.G...i..........|
000000a0  00 00 00 00 00 00 00 00  00 00 00 00 00 00 00 00  |................|
000000b0  00 00 00 00 00 00 00 00  00 00 00 00 00 00 2a 06  |..............*.|
000000c0  01 01 01 6f 01 01 09 01  01 01 01 01 01 01 7f ff  |...o............|
000000d0  03 0c 03 03 01 01 ff 01  ff ff 01 0b 01 01 ff 01  |................|
000000e0  06 09 62 01 7f 04 00 03  0d 07 02 01 00 01 18 00  |..b.............|
000000f0  0f                                                |.|
2023-03-28T21:52:00.3969: Server Charset: 873
2023-03-28T21:52:00.3969: Server National Charset: 2000
2023-03-28T21:52:00.3970: Data Type Negotiation
2023-03-28T21:52:00.3971: 
Write packet:
00000000  00 00 0a 65 06 00 00 00  00 00 02 69 03 69 03 03  |...e.......i.i..|
00000010  29 06 01 00 00 6a 01 01  0b 01 01 01 01 01 01 00  |)....j..........|
00000020  29 90 03 07 03 00 01 00  eb 01 00 05 01 00 00 00  |)...............|
00000030  18 00 00 07 20 02 3a 00  00 05 07 02 01 00 00 00  |.... .:.........|
00000040  00 06 80 00 00 00 43 3c  3c 80 00 00 00 00 00 00  |......C<<.......|
00000050  20 d0 07 00 01 00 01 00  01 00 00 00 02 00 02 00  | ...............|
00000060  0a 00 00 00 08 00 08 00  01 00 00 00 0c 00 0c 00  |................|
00000070  0a 00 00 00 17 00 17 00  01 00 00 00 18 00 18 00  |................|
00000080  01 00 00 00 19 00 19 00  01 00 00 00 1a 00 1a 00  |................|
00000090  01 00 00 00 1b 00 1b 00  01 00 00 00 1c 00 1c 00  |................|
000000a0  01 00 00 00 1d 00 1d 00  01 00 00 00 1e 00 1e 00  |................|
000000b0  01 00 00 00 1f 00 1f 00  01 00 00 00 20 00 20 00  |............ . .|
000000c0  01 00 00 00 21 00 21 00  01 00 00 00 0a 00 0a 00  |....!.!.........|
000000d0  01 00 00 00 0b 00 0b 00  01 00 00 00 28 00 28 00  |............(.(.|
000000e0  01 00 00 00 29 00 29 00  01 00 00 00 75 00 75 00  |....).).....u.u.|
000000f0  01 00 00 00 78 00 78 00  01 00 00 01 22 01 22 00  |....x.x.....".".|
00000100  01 00 00 01 23 01 23 00  01 00 00 01 24 01 24 00  |....#.#.....$.$.|
00000110  01 00 00 01 25 01 25 00  01 00 00 01 26 01 26 00  |....%.%.....&.&.|
00000120  01 00 00 01 2a 01 2a 00  01 00 00 01 2b 01 2b 00  |....*.*.....+.+.|
00000130  01 00 00 01 2c 01 2c 00  01 00 00 01 2d 01 2d 00  |....,.,.....-.-.|
00000140  01 00 00 01 2e 01 2e 00  01 00 00 01 2f 01 2f 00  |...........././.|
00000150  01 00 00 01 30 01 30 00  01 00 00 01 31 01 31 00  |....0.0.....1.1.|
00000160  01 00 00 01 32 01 32 00  01 00 00 01 33 01 33 00  |....2.2.....3.3.|
00000170  01 00 00 01 34 01 34 00  01 00 00 01 35 01 35 00  |....4.4.....5.5.|
00000180  01 00 00 01 36 01 36 00  01 00 00 01 37 01 37 00  |....6.6.....7.7.|
00000190  01 00 00 01 38 01 38 00  01 00 00 01 39 01 39 00  |....8.8.....9.9.|
000001a0  01 00 00 01 3b 01 3b 00  01 00 00 01 3c 01 3c 00  |....;.;.....<.<.|
000001b0  01 00 00 01 3d 01 3d 00  01 00 00 01 3e 01 3e 00  |....=.=.....>.>.|
000001c0  01 00 00 01 3f 01 3f 00  01 00 00 01 40 01 40 00  |....?.?.....@.@.|
000001d0  01 00 00 01 41 01 41 00  01 00 00 01 42 01 42 00  |....A.A.....B.B.|
000001e0  01 00 00 01 43 01 43 00  01 00 00 01 47 01 47 00  |....C.C.....G.G.|
000001f0  01 00 00 01 48 01 48 00  01 00 00 01 49 01 49 00  |....H.H.....I.I.|
00000200  01 00 00 01 4b 01 4b 00  01 00 00 01 4d 01 4d 00  |....K.K.....M.M.|
00000210  01 00 00 01 4e 01 4e 00  01 00 00 01 4f 01 4f 00  |....N.N.....O.O.|
00000220  01 00 00 01 50 01 50 00  01 00 00 01 51 01 51 00  |....P.P.....Q.Q.|
00000230  01 00 00 01 52 01 52 00  01 00 00 01 53 01 53 00  |....R.R.....S.S.|
00000240  01 00 00 01 54 01 54 00  01 00 00 01 55 01 55 00  |....T.T.....U.U.|
00000250  01 00 00 01 56 01 56 00  01 00 00 01 57 01 57 00  |....V.V.....W.W.|
00000260  01 00 00 01 58 01 58 00  01 00 00 01 59 01 59 00  |....X.X.....Y.Y.|
00000270  01 00 00 01 5a 01 5a 00  01 00 00 01 5c 01 5c 00  |....Z.Z.....\.\.|
00000280  01 00 00 01 5d 01 5d 00  01 00 00 01 62 01 62 00  |....].].....b.b.|
00000290  01 00 00 01 63 01 63 00  01 00 00 01 67 01 67 00  |....c.c.....g.g.|
000002a0  01 00 00 01 6b 01 6b 00  01 00 00 01 7c 01 7c 00  |....k.k.....|.|.|
000002b0  01 00 00 01 7d 01 7d 00  01 00 00 01 7e 01 7e 00  |....}.}.....~.~.|
000002c0  01 00 00 01 7f 01 7f 00  01 00 00 01 80 01 80 00  |................|
000002d0  01 00 00 01 81 01 81 00  01 00 00 01 82 01 82 00  |................|
000002e0  01 00 00 01 83 01 83 00  01 00 00 01 84 01 84 00  |................|
000002f0  01 00 00 01 85 01 85 00  01 00 00 01 86 01 86 00  |................|
00000300  01 00 00 01 87 01 87 00  01 00 00 01 89 01 89 00  |................|
00000310  01 00 00 01 8a 01 8a 00  01 00 00 01 8b 01 8b 00  |................|
00000320  01 00 00 01 8c 01 8c 00  01 00 00 01 8d 01 8d 00  |................|
00000330  01 00 00 01 8e 01 8e 00  01 00 00 01 8f 01 8f 00  |................|
00000340  01 00 00 01 90 01 90 00  01 00 00 01 91 01 91 00  |................|
00000350  01 00 00 01 94 01 94 00  01 00 00 01 95 01 95 00  |................|
00000360  01 00 00 01 96 01 96 00  01 00 00 01 97 01 97 00  |................|
00000370  01 00 00 01 9d 01 9d 00  01 00 00 01 9e 01 9e 00  |................|
00000380  01 00 00 01 9f 01 9f 00  01 00 00 01 a0 01 a0 00  |................|
00000390  01 00 00 01 a1 01 a1 00  01 00 00 01 a2 01 a2 00  |................|
000003a0  01 00 00 01 a3 01 a3 00  01 00 00 01 a4 01 a4 00  |................|
000003b0  01 00 00 01 a5 01 a5 00  01 00 00 01 a6 01 a6 00  |................|
000003c0  01 00 00 01 a7 01 a7 00  01 00 00 01 a8 01 a8 00  |................|
000003d0  01 00 00 01 a9 01 a9 00  01 00 00 01 aa 01 aa 00  |................|
000003e0  01 00 00 01 ab 01 ab 00  01 00 00 01 ad 01 ad 00  |................|
000003f0  01 00 00 01 ae 01 ae 00  01 00 00 01 af 01 af 00  |................|
00000400  01 00 00 01 b0 01 b0 00  01 00 00 01 b1 01 b1 00  |................|
00000410  01 00 00 01 c1 01 c1 00  01 00 00 01 c2 01 c2 00  |................|
00000420  01 00 00 01 c6 01 c6 00  01 00 00 01 c7 01 c7 00  |................|
00000430  01 00 00 01 c8 01 c8 00  01 00 00 01 c9 01 c9 00  |................|
00000440  01 00 00 01 ca 01 ca 00  01 00 00 01 cb 01 cb 00  |................|
00000450  01 00 00 01 cc 01 cc 00  01 00 00 01 cd 01 cd 00  |................|
00000460  01 00 00 01 ce 01 ce 00  01 00 00 01 cf 01 cf 00  |................|
00000470  01 00 00 01 d2 01 d2 00  01 00 00 01 d3 01 d3 00  |................|
00000480  01 00 00 01 d4 01 d4 00  01 00 00 01 d5 01 d5 00  |................|
00000490  01 00 00 01 d6 01 d6 00  01 00 00 01 d7 01 d7 00  |................|
000004a0  01 00 00 01 d8 01 d8 00  01 00 00 01 d9 01 d9 00  |................|
000004b0  01 00 00 01 da 01 da 00  01 00 00 01 db 01 db 00  |................|
000004c0  01 00 00 01 dc 01 dc 00  01 00 00 01 dd 01 dd 00  |................|
000004d0  01 00 00 01 de 01 de 00  01 00 00 01 df 01 df 00  |................|
000004e0  01 00 00 01 e0 01 e0 00  01 00 00 01 e1 01 e1 00  |................|
000004f0  01 00 00 01 e2 01 e2 00  01 00 00 01 e3 01 e3 00  |................|
00000500  01 00 00 01 e4 01 e4 00  01 00 00 01 e5 01 e5 00  |................|
00000510  01 00 00 01 e6 01 e6 00  01 00 00 01 ea 01 ea 00  |................|
00000520  01 00 00 01 eb 01 eb 00  01 00 00 01 ec 01 ec 00  |................|
00000530  01 00 00 01 ed 01 ed 00  01 00 00 01 ee 01 ee 00  |................|
00000540  01 00 00 01 ef 01 ef 00  01 00 00 01 f0 01 f0 00  |................|
00000550  01 00 00 01 f2 01 f2 00  01 00 00 01 f3 01 f3 00  |................|
00000560  01 00 00 01 f4 01 f4 00  01 00 00 01 f5 01 f5 00  |................|
00000570  01 00 00 01 f6 01 f6 00  01 00 00 01 fd 01 fd 00  |................|
00000580  01 00 00 01 fe 01 fe 00  01 00 00 02 01 02 01 00  |................|
00000590  01 00 00 02 02 02 02 00  01 00 00 02 04 02 04 00  |................|
000005a0  01 00 00 02 05 02 05 00  01 00 00 02 06 02 06 00  |................|
000005b0  01 00 00 02 07 02 07 00  01 00 00 02 08 02 08 00  |................|
000005c0  01 00 00 02 09 02 09 00  01 00 00 02 0a 02 0a 00  |................|
000005d0  01 00 00 02 0b 02 0b 00  01 00 00 02 0c 02 0c 00  |................|
000005e0  01 00 00 02 0d 02 0d 00  01 00 00 02 0e 02 0e 00  |................|
000005f0  01 00 00 02 0f 02 0f 00  01 00 00 02 10 02 10 00  |................|
00000600  01 00 00 02 11 02 11 00  01 00 00 02 12 02 12 00  |................|
00000610  01 00 00 02 13 02 13 00  01 00 00 02 14 02 14 00  |................|
00000620  01 00 00 02 15 02 15 00  01 00 00 02 16 02 16 00  |................|
00000630  01 00 00 02 17 02 17 00  01 00 00 02 18 02 18 00  |................|
00000640  01 00 00 02 19 02 19 00  01 00 00 02 1a 02 1a 00  |................|
00000650  01 00 00 02 1b 02 1b 00  01 00 00 02 1c 02 1c 00  |................|
00000660  01 00 00 02 1d 02 1d 00  01 00 00 02 1e 02 1e 00  |................|
00000670  01 00 00 02 1f 02 1f 00  01 00 00 02 30 02 30 00  |............0.0.|
00000680  01 00 00 02 35 02 35 00  01 00 00 02 3c 02 3c 00  |....5.5.....<.<.|
00000690  01 00 00 02 3d 02 3d 00  01 00 00 02 3e 02 3e 00  |....=.=.....>.>.|
000006a0  01 00 00 02 3f 02 3f 00  01 00 00 02 40 02 40 00  |....?.?.....@.@.|
000006b0  01 00 00 02 42 02 42 00  01 00 00 02 33 02 33 00  |....B.B.....3.3.|
000006c0  01 00 00 02 34 02 34 00  01 00 00 02 43 02 43 00  |....4.4.....C.C.|
000006d0  01 00 00 02 44 02 44 00  01 00 00 02 45 02 45 00  |....D.D.....E.E.|
000006e0  01 00 00 02 46 02 46 00  01 00 00 02 47 02 47 00  |....F.F.....G.G.|
000006f0  01 00 00 02 48 02 48 00  01 00 00 02 49 02 49 00  |....H.H.....I.I.|
00000700  01 00 00 00 03 00 02 00  0a 00 00 00 04 00 02 00  |................|
00000710  0a 00 00 00 05 00 01 00  01 00 00 00 06 00 02 00  |................|
00000720  0a 00 00 00 07 00 02 00  0a 00 00 00 09 00 01 00  |................|
00000730  01 00 00 00 0d 00 00 00  0e 00 00 00 0f 00 17 00  |................|
00000740  01 00 00 00 10 00 00 00  11 00 00 00 12 00 00 00  |................|
00000750  13 00 00 00 14 00 00 00  15 00 00 00 16 00 00 00  |................|
00000760  27 00 78 00 01 00 00 00  3a 00 00 00 44 00 02 00  |'.x.....:...D...|
00000770  0a 00 00 00 45 00 00 00  46 00 00 00 4a 00 00 00  |....E...F...J...|
00000780  4c 00 00 00 5b 00 02 00  0a 00 00 00 5e 00 01 00  |L...[.......^...|
00000790  01 00 00 00 5f 00 17 00  01 00 00 00 60 00 60 00  |...._.......`.`.|
000007a0  01 00 00 00 61 00 60 00  01 00 00 00 64 00 64 00  |....a.`.....d.d.|
000007b0  01 00 00 00 65 00 65 00  01 00 00 00 66 00 66 00  |....e.e.....f.f.|
000007c0  01 00 00 00 68 00 0b 00  01 00 00 00 69 00 00 00  |....h.......i...|
000007d0  6a 00 6a 00 01 00 00 00  6c 00 6d 00 01 00 00 00  |j.j.....l.m.....|
000007e0  6d 00 6d 00 01 00 00 00  6e 00 6f 00 01 00 00 00  |m.m.....n.o.....|
000007f0  6f 00 6f 00 01 00 00 00  70 00 70 00 01 00 00 00  |o.o.....p.p.....|
00000800  71 00 71 00 01 00 00 00  72 00 72 00 01 00 00 00  |q.q.....r.r.....|
00000810  73 00 73 00 01 00 00 00  74 00 66 00 01 00 00 00  |s.s.....t.f.....|
00000820  76 00 00 00 77 00 00 00  79 00 00 00 7a 00 00 00  |v...w...y...z...|
00000830  7b 00 00 00 88 00 00 00  92 00 92 00 01 00 00 00  |{...............|
00000840  93 00 00 00 98 00 02 00  0a 00 00 00 99 00 02 00  |................|
00000850  0a 00 00 00 9a 00 02 00  0a 00 00 00 9b 00 01 00  |................|
00000860  01 00 00 00 9c 00 0c 00  0a 00 00 00 ac 00 02 00  |................|
00000870  0a 00 00 00 b2 00 b2 00  01 00 00 00 b3 00 b3 00  |................|
00000880  01 00 00 00 b4 00 b4 00  01 00 00 00 b5 00 b5 00  |................|
00000890  01 00 00 00 b6 00 b6 00  01 00 00 00 b7 00 b7 00  |................|
000008a0  01 00 00 00 b8 00 0c 00  0a 00 00 00 b9 00 b9 00  |................|
000008b0  01 00 00 00 ba 00 ba 00  01 00 00 00 bb 00 bb 00  |................|
000008c0  01 00 00 00 bc 00 bc 00  01 00 00 00 bd 00 bd 00  |................|
000008d0  01 00 00 00 be 00 be 00  01 00 00 00 bf 00 00 00  |................|
000008e0  c0 00 00 00 c3 00 70 00  01 00 00 00 c4 00 71 00  |......p.......q.|
000008f0  01 00 00 00 c5 00 72 00  01 00 00 00 d0 00 d0 00  |......r.........|
00000900  01 00 00 00 d1 00 00 00  e7 00 e7 00 01 00 00 00  |................|
00000910  e8 00 e7 00 01 00 00 00  e9 00 e9 00 01 00 00 00  |................|
00000920  fc 00 fc 00 01 00 00 00  f1 00 6d 00 01 00 00 02  |..........m.....|
00000930  03 00 00 02 4e 02 4e 00  01 00 00 02 4f 02 4f 00  |....N.N.....O.O.|
00000940  01 00 00 02 50 02 50 00  01 00 00 02 65 02 65 00  |....P.P.....e.e.|
00000950  01 00 00 02 66 02 66 00  01 00 00 02 67 02 67 00  |....f.f.....g.g.|
00000960  01 00 00 02 68 02 68 00  01 00 00 02 63 02 63 00  |....h.h.....c.c.|
00000970  01 00 00 02 64 02 64 00  01 00 00 02 51 02 51 00  |....d.d.....Q.Q.|
00000980  01 00 00 02 52 02 52 00  01 00 00 02 53 02 53 00  |....R.R.....S.S.|
00000990  01 00 00 02 54 02 54 00  01 00 00 02 55 02 55 00  |....T.T.....U.U.|
000009a0  01 00 00 02 56 02 56 00  01 00 00 02 57 02 57 00  |....V.V.....W.W.|
000009b0  01 00 00 02 58 02 58 00  01 00 00 02 59 02 59 00  |....X.X.....Y.Y.|
000009c0  01 00 00 02 5a 02 5a 00  01 00 00 02 5b 02 5b 00  |....Z.Z.....[.[.|
000009d0  01 00 00 02 5c 02 5c 00  01 00 00 02 5d 02 5d 00  |....\.\.....].].|
000009e0  01 00 00 02 6e 02 6e 00  01 00 00 02 6f 02 6f 00  |....n.n.....o.o.|
000009f0  01 00 00 02 70 02 70 00  01 00 00 02 71 02 71 00  |....p.p.....q.q.|
00000a00  01 00 00 02 72 02 72 00  01 00 00 02 73 02 73 00  |....r.r.....s.s.|
00000a10  01 00 00 02 74 02 74 00  01 00 00 02 75 02 75 00  |....t.t.....u.u.|
00000a20  01 00 00 02 76 02 76 00  01 00 00 02 77 02 77 00  |....v.v.....w.w.|
00000a30  01 00 00 02 78 02 78 00  01 00 00 02 7d 02 7d 00  |....x.x.....}.}.|
00000a40  01 00 00 02 7e 02 7e 00  01 00 00 02 7c 02 7c 00  |....~.~.....|.|.|
00000a50  01 00 00 02 7f 02 7f 00  01 00 00 02 80 02 80 00  |................|
00000a60  01 00 00 00 00                                    |.....|
2023-03-28T21:52:00.3976: 
Read packet:
00000000  00 00 0a 90 06 00 00 00  00 00 02 80 00 00 00 3c  |...............<|
00000010  3c 3c 80 00 00 00 00 00  00 1a 00 01 00 01 00 01  |<<..............|
00000020  00 00 00 02 00 02 00 0a  00 00 00 08 00 08 00 01  |................|
00000030  00 00 00 0c 00 0c 00 0a  00 00 00 17 00 17 00 01  |................|
00000040  00 00 00 18 00 18 00 01  00 00 00 19 00 19 00 01  |................|
00000050  00 00 00 1a 00 1a 00 01  00 00 00 1b 00 1b 00 01  |................|
00000060  00 00 00 1c 00 1c 00 01  00 00 00 1d 00 1d 00 01  |................|
00000070  00 00 00 1e 00 1e 00 01  00 00 00 1f 00 1f 00 01  |................|
00000080  00 00 00 20 00 20 00 01  00 00 00 21 00 21 00 01  |... . .....!.!..|
00000090  00 00 00 0a 00 0a 00 01  00 00 00 0b 00 0b 00 01  |................|
000000a0  00 00 00 28 00 28 00 01  00 00 00 29 00 29 00 01  |...(.(.....).)..|
000000b0  00 00 00 75 00 75 00 01  00 00 00 78 00 78 00 01  |...u.u.....x.x..|
000000c0  00 00 01 22 01 22 00 01  00 00 01 23 01 23 00 01  |...".".....#.#..|
000000d0  00 00 01 24 01 24 00 01  00 00 01 25 01 25 00 01  |...$.$.....%.%..|
000000e0  00 00 01 26 01 26 00 01  00 00 01 2a 01 2a 00 01  |...&.&.....*.*..|
000000f0  00 00 01 2b 01 2b 00 01  00 00 01 2c 01 2c 00 01  |...+.+.....,.,..|
00000100  00 00 01 2d 01 2d 00 01  00 00 01 2e 01 2e 00 01  |...-.-..........|
00000110  00 00 01 2f 01 2f 00 01  00 00 01 30 01 30 00 01  |..././.....0.0..|
00000120  00 00 01 31 01 31 00 01  00 00 01 32 01 32 00 01  |...1.1.....2.2..|
00000130  00 00 01 33 01 33 00 01  00 00 01 34 01 34 00 01  |...3.3.....4.4..|
00000140  00 00 01 35 01 35 00 01  00 00 01 36 01 36 00 01  |...5.5.....6.6..|
00000150  00 00 01 37 01 37 00 01  00 00 01 38 01 38 00 01  |...7.7.....8.8..|
00000160  00 00 01 39 01 39 00 01  00 00 01 3b 01 3b 00 01  |...9.9.....;.;..|
00000170  00 00 01 3c 01 3c 00 01  00 00 01 3d 01 3d 00 01  |...<.<.....=.=..|
00000180  00 00 01 3e 01 3e 00 01  00 00 01 3f 01 3f 00 01  |...>.>.....?.?..|
00000190  00 00 01 40 01 40 00 01  00 00 01 41 01 41 00 01  |...@.@.....A.A..|
000001a0  00 00 01 42 01 42 00 01  00 00 01 43 01 43 00 01  |...B.B.....C.C..|
000001b0  00 00 01 47 01 47 00 01  00 00 01 48 01 48 00 01  |...G.G.....H.H..|
000001c0  00 00 01 49 01 49 00 01  00 00 01 4b 01 4b 00 01  |...I.I.....K.K..|
000001d0  00 00 01 4d 01 4d 00 01  00 00 01 4e 01 4e 00 01  |...M.M.....N.N..|
000001e0  00 00 01 4f 01 4f 00 01  00 00 01 50 01 50 00 01  |...O.O.....P.P..|
000001f0  00 00 01 51 01 51 00 01  00 00 01 52 01 52 00 01  |...Q.Q.....R.R..|
00000200  00 00 01 53 01 53 00 01  00 00 01 54 01 54 00 01  |...S.S.....T.T..|
00000210  00 00 01 55 01 55 00 01  00 00 01 56 01 56 00 01  |...U.U.....V.V..|
00000220  00 00 01 57 01 57 00 01  00 00 01 58 01 58 00 01  |...W.W.....X.X..|
00000230  00 00 01 59 01 59 00 01  00 00 01 5a 01 5a 00 01  |...Y.Y.....Z.Z..|
00000240  00 00 01 5c 01 5c 00 01  00 00 01 5d 01 5d 00 01  |...\.\.....].]..|
00000250  00 00 01 62 01 62 00 01  00 00 01 63 01 63 00 01  |...b.b.....c.c..|
00000260  00 00 01 67 01 67 00 01  00 00 01 6b 01 6b 00 01  |...g.g.....k.k..|
00000270  00 00 01 7c 01 7c 00 01  00 00 01 7d 01 7d 00 01  |...|.|.....}.}..|
00000280  00 00 01 7e 01 7e 00 01  00 00 01 7f 01 7f 00 01  |...~.~..........|
00000290  00 00 01 80 01 80 00 01  00 00 01 81 01 81 00 01  |................|
000002a0  00 00 01 82 01 82 00 01  00 00 01 83 01 83 00 01  |................|
000002b0  00 00 01 84 01 84 00 01  00 00 01 85 01 85 00 01  |................|
000002c0  00 00 01 86 01 86 00 01  00 00 01 87 01 87 00 01  |................|
000002d0  00 00 01 89 01 89 00 01  00 00 01 8a 01 8a 00 01  |................|
000002e0  00 00 01 8b 01 8b 00 01  00 00 01 8c 01 8c 00 01  |................|
000002f0  00 00 01 8d 01 8d 00 01  00 00 01 8e 01 8e 00 01  |................|
00000300  00 00 01 8f 01 8f 00 01  00 00 01 90 01 90 00 01  |................|
00000310  00 00 01 91 01 91 00 01  00 00 01 94 01 94 00 01  |................|
00000320  00 00 01 95 01 95 00 01  00 00 01 96 01 96 00 01  |................|
00000330  00 00 01 97 01 97 00 01  00 00 01 9d 01 9d 00 01  |................|
00000340  00 00 01 9e 01 9e 00 01  00 00 01 9f 01 9f 00 01  |................|
00000350  00 00 01 a0 01 a0 00 01  00 00 01 a1 01 a1 00 01  |................|
00000360  00 00 01 a2 01 a2 00 01  00 00 01 a3 01 a3 00 01  |................|
00000370  00 00 01 a4 01 a4 00 01  00 00 01 a5 01 a5 00 01  |................|
00000380  00 00 01 a6 01 a6 00 01  00 00 01 a7 01 a7 00 01  |................|
00000390  00 00 01 a8 01 a8 00 01  00 00 01 a9 01 a9 00 01  |................|
000003a0  00 00 01 aa 01 aa 00 01  00 00 01 ab 01 ab 00 01  |................|
000003b0  00 00 01 ad 01 ad 00 01  00 00 01 ae 01 ae 00 01  |................|
000003c0  00 00 01 af 01 af 00 01  00 00 01 b0 01 b0 00 01  |................|
000003d0  00 00 01 b1 01 b1 00 01  00 00 01 c1 01 c1 00 01  |................|
000003e0  00 00 01 c2 01 c2 00 01  00 00 01 c6 01 c6 00 01  |................|
000003f0  00 00 01 c7 01 c7 00 01  00 00 01 c8 01 c8 00 01  |................|
00000400  00 00 01 c9 01 c9 00 01  00 00 01 ca 01 ca 00 01  |................|
00000410  00 00 01 cb 01 cb 00 01  00 00 01 cc 01 cc 00 01  |................|
00000420  00 00 01 cd 01 cd 00 01  00 00 01 ce 01 ce 00 01  |................|
00000430  00 00 01 cf 01 cf 00 01  00 00 01 d2 01 d2 00 01  |................|
00000440  00 00 01 d3 01 d3 00 01  00 00 01 d4 01 d4 00 01  |................|
00000450  00 00 01 d5 01 d5 00 01  00 00 01 d6 01 d6 00 01  |................|
00000460  00 00 01 d7 01 d7 00 01  00 00 01 d8 01 d8 00 01  |................|
00000470  00 00 01 d9 01 d9 00 01  00 00 01 da 01 da 00 01  |................|
00000480  00 00 01 db 01 db 00 01  00 00 01 dc 01 dc 00 01  |................|
00000490  00 00 01 dd 01 dd 00 01  00 00 01 de 01 de 00 01  |................|
000004a0  00 00 01 df 01 df 00 01  00 00 01 e0 01 e0 00 01  |................|
000004b0  00 00 01 e1 01 e1 00 01  00 00 01 e2 01 e2 00 01  |................|
000004c0  00 00 01 e3 01 e3 00 01  00 00 01 e4 01 e4 00 01  |................|
000004d0  00 00 01 e5 01 e5 00 01  00 00 01 e6 01 e6 00 01  |................|
000004e0  00 00 01 ea 01 ea 00 01  00 00 01 eb 01 eb 00 01  |................|
000004f0  00 00 01 ec 01 ec 00 01  00 00 01 ed 01 ed 00 01  |................|
00000500  00 00 01 ee 01 ee 00 01  00 00 01 ef 01 ef 00 01  |................|
00000510  00 00 01 f0 01 f0 00 01  00 00 01 f2 01 f2 00 01  |................|
00000520  00 00 01 f3 01 f3 00 01  00 00 01 f4 01 f4 00 01  |................|
00000530  00 00 01 f5 01 f5 00 01  00 00 01 f6 01 f6 00 01  |................|
00000540  00 00 01 fd 01 fd 00 01  00 00 01 fe 01 fe 00 01  |................|
00000550  00 00 02 01 02 01 00 01  00 00 02 02 02 02 00 01  |................|
00000560  00 00 02 04 02 04 00 01  00 00 02 05 02 05 00 01  |................|
00000570  00 00 02 06 02 06 00 01  00 00 02 07 02 07 00 01  |................|
00000580  00 00 02 08 02 08 00 01  00 00 02 09 02 09 00 01  |................|
00000590  00 00 02 0a 02 0a 00 01  00 00 02 0b 02 0b 00 01  |................|
000005a0  00 00 02 0c 02 0c 00 01  00 00 02 0d 02 0d 00 01  |................|
000005b0  00 00 02 0e 02 0e 00 01  00 00 02 0f 02 0f 00 01  |................|
000005c0  00 00 02 10 02 10 00 01  00 00 02 11 02 11 00 01  |................|
000005d0  00 00 02 12 02 12 00 01  00 00 02 13 02 13 00 01  |................|
000005e0  00 00 02 14 02 14 00 01  00 00 02 15 02 15 00 01  |................|
000005f0  00 00 02 16 02 16 00 01  00 00 02 17 02 17 00 01  |................|
00000600  00 00 02 18 02 18 00 01  00 00 02 19 02 19 00 01  |................|
00000610  00 00 02 1a 02 1a 00 01  00 00 02 1b 02 1b 00 01  |................|
00000620  00 00 02 1f 02 1f 00 01  00 00 02 20 00 00 02 21  |........... ...!|
00000630  00 00 02 22 00 00 02 23  00 00 02 24 00 00 02 25  |..."...#...$...%|
00000640  00 00 02 26 00 00 02 27  00 00 02 28 00 00 02 29  |...&...'...(...)|
00000650  00 00 02 2a 00 00 02 2b  00 00 02 2c 00 00 02 2d  |...*...+...,...-|
00000660  00 00 02 2e 00 00 02 2f  00 00 02 30 02 30 00 01  |......./...0.0..|
00000670  00 00 02 31 00 00 02 32  00 00 02 33 02 33 00 01  |...1...2...3.3..|
00000680  00 00 02 34 02 34 00 01  00 00 02 36 00 00 02 37  |...4.4.....6...7|
00000690  00 00 02 38 00 00 02 39  00 00 02 3a 00 00 02 3b  |...8...9...:...;|
000006a0  00 00 02 3c 02 3c 00 01  00 00 02 3d 02 3d 00 01  |...<.<.....=.=..|
000006b0  00 00 02 3e 02 3e 00 01  00 00 02 3f 02 3f 00 01  |...>.>.....?.?..|
000006c0  00 00 02 40 02 40 00 01  00 00 02 41 00 00 02 42  |...@.@.....A...B|
000006d0  02 42 00 01 00 00 02 43  02 43 00 01 00 00 02 44  |.B.....C.C.....D|
000006e0  02 44 00 01 00 00 02 45  02 45 00 01 00 00 02 46  |.D.....E.E.....F|
000006f0  02 46 00 01 00 00 02 47  02 47 00 01 00 00 02 48  |.F.....G.G.....H|
00000700  02 48 00 01 00 00 02 49  02 49 00 01 00 00 02 4a  |.H.....I.I.....J|
00000710  00 00 02 4b 00 00 02 4c  00 00 02 4d 00 00 02 4e  |...K...L...M...N|
00000720  02 4e 00 01 00 00 02 4f  02 4f 00 01 00 00 02 50  |.N.....O.O.....P|
00000730  02 50 00 01 00 00 02 51  02 51 00 01 00 00 02 52  |.P.....Q.Q.....R|
00000740  02 52 00 01 00 00 02 53  02 53 00 01 00 00 02 54  |.R.....S.S.....T|
00000750  02 54 00 01 00 00 02 55  02 55 00 01 00 00 02 56  |.T.....U.U.....V|
00000760  02 56 00 01 00 00 02 57  02 57 00 01 00 00 02 58  |.V.....W.W.....X|
00000770  02 58 00 01 00 00 02 59  02 59 00 01 00 00 02 5a  |.X.....Y.Y.....Z|
00000780  02 5a 00 01 00 00 02 5b  02 5b 00 01 00 00 02 5c  |.Z.....[.[.....\|
00000790  02 5c 00 01 00 00 02 5d  02 5d 00 01 00 00 02 63  |.\.....].].....c|
000007a0  02 63 00 01 00 00 02 64  02 64 00 01 00 00 02 65  |.c.....d.d.....e|
000007b0  02 65 00 01 00 00 02 66  02 66 00 01 00 00 02 67  |.e.....f.f.....g|
000007c0  02 67 00 01 00 00 02 68  02 68 00 01 00 00 02 6e  |.g.....h.h.....n|
000007d0  02 6e 00 01 00 00 02 6f  02 6f 00 01 00 00 02 70  |.n.....o.o.....p|
000007e0  02 70 00 01 00 00 02 71  02 71 00 01 00 00 02 72  |.p.....q.q.....r|
000007f0  02 72 00 01 00 00 02 73  02 73 00 01 00 00 02 74  |.r.....s.s.....t|
00000800  02 74 00 01 00 00 02 75  02 75 00 01 00 00 02 76  |.t.....u.u.....v|
00000810  02 76 00 01 00 00 02 77  02 77 00 01 00 00 02 78  |.v.....w.w.....x|
00000820  02 78 00 01 00 00 02 79  00 00 02 7a 00 00 02 7b  |.x.....y...z...{|
00000830  00 00 02 7c 02 7c 00 01  00 00 02 7d 02 7d 00 01  |...|.|.....}.}..|
00000840  00 00 02 7e 02 7e 00 01  00 00 02 7f 02 7f 00 01  |...~.~..........|
00000850  00 00 02 80 02 80 00 01  00 00 02 81 00 00 02 82  |................|
00000860  00 00 02 83 00 00 02 84  00 00 02 85 00 00 00 03  |................|
00000870  00 02 00 0a 00 00 00 04  00 02 00 0a 00 00 00 05  |................|
00000880  00 01 00 01 00 00 00 06  00 02 00 0a 00 00 00 07  |................|
00000890  00 02 00 0a 00 00 00 09  00 01 00 01 00 00 00 0d  |................|
000008a0  00 00 00 0e 00 00 00 0f  00 17 00 01 00 00 00 10  |................|
000008b0  00 00 00 11 00 00 00 12  00 00 00 13 00 00 00 14  |................|
000008c0  00 00 00 15 00 00 00 16  00 00 00 27 00 78 00 01  |...........'.x..|
000008d0  00 00 00 3a 00 00 00 44  00 02 00 0a 00 00 00 45  |...:...D.......E|
000008e0  00 00 00 46 00 00 00 4a  00 00 00 4c 00 00 00 5b  |...F...J...L...[|
000008f0  00 02 00 0a 00 00 00 5e  00 01 00 01 00 00 00 5f  |.......^......._|
00000900  00 17 00 01 00 00 00 60  00 60 00 01 00 00 00 61  |.......`.`.....a|
00000910  00 60 00 01 00 00 00 64  00 64 00 01 00 00 00 65  |.`.....d.d.....e|
00000920  00 65 00 01 00 00 00 66  00 66 00 01 00 00 00 68  |.e.....f.f.....h|
00000930  00 00 00 69 00 00 00 6a  00 6a 00 01 00 00 00 6c  |...i...j.j.....l|
00000940  00 6d 00 01 00 00 00 6d  00 6d 00 01 00 00 00 6e  |.m.....m.m.....n|
00000950  00 6f 00 01 00 00 00 6f  00 6f 00 01 00 00 00 70  |.o.....o.o.....p|
00000960  00 70 00 01 00 00 00 71  00 71 00 01 00 00 00 72  |.p.....q.q.....r|
00000970  00 72 00 01 00 00 00 73  00 73 00 01 00 00 00 74  |.r.....s.s.....t|
00000980  00 66 00 01 00 00 00 76  00 00 00 79 00 00 00 7a  |.f.....v...y...z|
00000990  00 00 00 7b 00 00 00 88  00 00 00 92 00 92 00 01  |...{............|
000009a0  00 00 00 93 00 00 00 98  00 02 00 0a 00 00 00 99  |................|
000009b0  00 02 00 0a 00 00 00 9a  00 02 00 0a 00 00 00 9b  |................|
000009c0  00 01 00 01 00 00 00 9c  00 0c 00 0a 00 00 00 ac  |................|
000009d0  00 02 00 0a 00 00 00 b2  00 b2 00 01 00 00 00 b3  |................|
000009e0  00 b3 00 01 00 00 00 b4  00 b4 00 01 00 00 00 b5  |................|
000009f0  00 b5 00 01 00 00 00 b6  00 b6 00 01 00 00 00 b7  |................|
00000a00  00 b7 00 01 00 00 00 b8  00 0c 00 0a 00 00 00 b9  |................|
00000a10  00 00 00 ba 00 00 00 bb  00 00 00 bc 00 00 00 bd  |................|
00000a20  00 00 00 be 00 00 00 bf  00 00 00 c0 00 00 00 c3  |................|
00000a30  00 70 00 01 00 00 00 c4  00 71 00 01 00 00 00 c5  |.p.......q......|
00000a40  00 72 00 01 00 00 00 d0  00 d0 00 01 00 00 00 d1  |.r..............|
00000a50  00 00 00 e7 00 e7 00 01  00 00 00 e8 00 e7 00 01  |................|
00000a60  00 00 00 e9 00 e9 00 01  00 00 00 f1 00 6d 00 01  |.............m..|
00000a70  00 00 00 f5 00 00 00 f6  00 00 00 fa 00 00 00 fb  |................|
00000a80  00 00 00 fc 00 fc 00 01  00 00 02 03 00 00 00 00  |................|
2023-03-28T21:52:00.3978: TTC Version: 9
2023-03-28T21:52:00.3978: doAuth
2023-03-28T21:52:00.3978: 
Write packet:
00000000  00 00 00 99 06 00 00 00  00 00 03 76 00 01 01 08  |...........v....|
00000010  01 01 01 01 05 01 01 08  64 62 5f 75 73 65 72 31  |........db_user1|
00000020  01 0d 0d 41 55 54 48 5f  54 45 52 4d 49 4e 41 4c  |...AUTH_TERMINAL|
00000030  01 06 06 66 65 64 6f 72  61 00 01 0f 0f 41 55 54  |...fedora....AUT|
00000040  48 5f 50 52 4f 47 52 41  4d 5f 4e 4d 01 04 04 6d  |H_PROGRAM_NM...m|
00000050  61 69 6e 00 01 0c 0c 41  55 54 48 5f 4d 41 43 48  |ain....AUTH_MACH|
00000060  49 4e 45 01 06 06 66 65  64 6f 72 61 00 01 08 08  |INE...fedora....|
00000070  41 55 54 48 5f 50 49 44  01 06 06 33 31 34 30 38  |AUTH_PID...31408|
00000080  36 00 01 08 08 41 55 54  48 5f 53 49 44 01 08 08  |6....AUTH_SID...|
00000090  74 68 65 68 61 75 6e 67  00                       |thehaung.|
2023-03-28T21:52:00.3999: 
Read packet:
00000000  00 00 01 72 06 00 00 00  00 00 08 01 06 01 0c 0c  |...r............|
00000010  41 55 54 48 5f 53 45 53  53 4b 45 59 01 40 40 44  |AUTH_SESSKEY.@@D|
00000020  34 32 38 32 38 43 30 35  36 41 45 36 34 36 35 34  |42828C056AE64654|
00000030  32 41 45 35 33 41 31 36  30 36 41 33 31 33 32 30  |2AE53A1606A31320|
00000040  39 30 36 32 30 39 31 37  36 41 31 44 33 38 36 44  |906209176A1D386D|
00000050  33 38 31 30 44 37 31 41  44 37 34 37 37 33 31 00  |3810D71AD747731.|
00000060  01 0d 0d 41 55 54 48 5f  56 46 52 5f 44 41 54 41  |...AUTH_VFR_DATA|
00000070  01 20 20 36 38 33 43 33  32 34 34 39 39 41 46 42  |.  683C324499AFB|
00000080  31 32 41 42 42 43 42 34  45 46 32 43 41 42 37 39  |12ABBCB4EF2CAB79|
00000090  42 35 45 02 48 15 01 14  14 41 55 54 48 5f 50 42  |B5E.H....AUTH_PB|
000000a0  4b 44 46 32 5f 43 53 4b  5f 53 41 4c 54 01 20 20  |KDF2_CSK_SALT.  |
000000b0  35 44 46 42 42 41 33 30  44 39 39 39 45 32 35 44  |5DFBBA30D999E25D|
000000c0  37 42 37 45 35 32 33 45  38 30 34 46 31 33 31 36  |7B7E523E804F1316|
000000d0  00 01 16 16 41 55 54 48  5f 50 42 4b 44 46 32 5f  |....AUTH_PBKDF2_|
000000e0  56 47 45 4e 5f 43 4f 55  4e 54 01 04 04 34 30 39  |VGEN_COUNT...409|
000000f0  36 00 01 16 16 41 55 54  48 5f 50 42 4b 44 46 32  |6....AUTH_PBKDF2|
00000100  5f 53 44 45 52 5f 43 4f  55 4e 54 01 01 01 33 00  |_SDER_COUNT...3.|
00000110  01 1a 1a 41 55 54 48 5f  47 4c 4f 42 41 4c 4c 59  |...AUTH_GLOBALLY|
00000120  5f 55 4e 49 51 55 45 5f  44 42 49 44 00 01 20 20  |_UNIQUE_DBID..  |
00000130  45 37 42 33 32 36 43 45  34 30 32 33 42 33 46 32  |E7B326CE4023B3F2|
00000140  35 44 32 46 36 42 38 33  32 45 39 35 35 42 39 30  |5D2F6B832E955B90|
00000150  00 04 01 01 01 02 00 00  00 00 00 00 00 00 00 00  |................|
00000160  00 00 00 00 00 00 00 00  00 00 00 00 00 00 00 00  |................|
00000170  00 00                                             |..|
2023-03-28T21:52:00.4000: Summary: RetCode:0, Error Message:""
2023-03-28T21:52:00.4026: 
Write packet:
00000000  00 00 03 fc 06 00 00 00  00 00 03 73 00 01 01 08  |...........s....|
00000010  02 01 01 01 01 0f 01 01  08 64 62 5f 75 73 65 72  |.........db_user|
00000020  31 01 0c 0c 41 55 54 48  5f 53 45 53 53 4b 45 59  |1...AUTH_SESSKEY|
00000030  01 40 40 39 36 37 34 42  43 42 45 41 34 32 31 32  |.@@9674BCBEA4212|
00000040  37 34 33 42 43 35 41 31  38 38 34 30 34 45 46 46  |743BC5A188404EFF|
00000050  46 42 43 39 45 36 38 31  33 31 38 44 44 45 46 35  |FBC9E681318DDEF5|
00000060  41 39 32 46 36 46 34 42  35 46 32 44 36 34 38 36  |A92F6F4B5F2D6486|
00000070  42 43 39 01 01 01 0d 0d  41 55 54 48 5f 50 41 53  |BC9.....AUTH_PAS|
00000080  53 57 4f 52 44 01 40 40  35 46 32 37 33 45 43 42  |SWORD.@@5F273ECB|
00000090  38 46 42 36 30 30 43 43  30 33 45 43 42 41 30 33  |8FB600CC03ECBA03|
000000a0  33 31 41 38 36 45 45 34  45 31 38 35 35 43 38 46  |31A86EE4E1855C8F|
000000b0  32 30 35 42 43 30 45 38  32 31 36 33 37 31 34 33  |205BC0E821637143|
000000c0  43 35 44 38 43 39 41 45  00 01 16 16 41 55 54 48  |C5D8C9AE....AUTH|
000000d0  5f 50 42 4b 44 46 32 5f  53 50 45 45 44 59 5f 4b  |_PBKDF2_SPEEDY_K|
000000e0  45 59 01 a0 a0 41 32 30  38 35 38 44 46 33 46 39  |EY...A20858DF3F9|
000000f0  45 34 41 36 35 39 32 45  36 39 46 31 37 34 31 38  |E4A6592E69F17418|
00000100  45 43 41 44 39 35 41 34  45 31 46 31 32 44 46 44  |ECAD95A4E1F12DFD|
00000110  31 32 34 44 36 43 38 31  38 45 37 39 37 46 41 38  |124D6C818E797FA8|
00000120  30 33 36 30 46 39 31 31  43 33 44 31 36 46 44 46  |0360F911C3D16FDF|
00000130  34 31 41 31 36 31 38 38  39 33 31 45 41 31 44 32  |41A16188931EA1D2|
00000140  31 38 36 38 30 33 43 46  43 45 35 34 43 42 30 46  |186803CFCE54CB0F|
00000150  34 42 39 35 43 33 34 33  33 43 31 31 44 41 43 37  |4B95C3433C11DAC7|
00000160  46 41 42 38 32 39 39 35  36 31 46 34 37 30 34 33  |FAB8299561F47043|
00000170  44 33 33 45 30 36 30 30  36 31 35 46 34 34 42 30  |D33E0600615F44B0|
00000180  31 39 37 37 46 00 01 0d  0d 41 55 54 48 5f 54 45  |1977F....AUTH_TE|
00000190  52 4d 49 4e 41 4c 01 06  06 66 65 64 6f 72 61 00  |RMINAL...fedora.|
000001a0  01 0f 0f 41 55 54 48 5f  50 52 4f 47 52 41 4d 5f  |...AUTH_PROGRAM_|
000001b0  4e 4d 01 04 04 6d 61 69  6e 00 01 0c 0c 41 55 54  |NM...main....AUT|
000001c0  48 5f 4d 41 43 48 49 4e  45 01 06 06 66 65 64 6f  |H_MACHINE...fedo|
000001d0  72 61 00 01 08 08 41 55  54 48 5f 50 49 44 01 06  |ra....AUTH_PID..|
000001e0  06 33 31 34 30 38 36 00  01 08 08 41 55 54 48 5f  |.314086....AUTH_|
000001f0  53 49 44 01 08 08 74 68  65 68 61 75 6e 67 00 01  |SID...thehaung..|
00000200  13 13 41 55 54 48 5f 43  4f 4e 4e 45 43 54 5f 53  |..AUTH_CONNECT_S|
00000210  54 52 49 4e 47 01 c3 c3  28 44 45 53 43 52 49 50  |TRING...(DESCRIP|
00000220  54 49 4f 4e 3d 28 41 44  44 52 45 53 53 3d 28 50  |TION=(ADDRESS=(P|
00000230  52 4f 54 4f 43 4f 4c 3d  74 63 70 29 28 48 4f 53  |ROTOCOL=tcp)(HOS|
00000240  54 3d 6c 6f 63 61 6c 68  6f 73 74 29 28 50 4f 52  |T=localhost)(POR|
00000250  54 3d 31 35 32 31 29 29  28 43 4f 4e 4e 45 43 54  |T=1521))(CONNECT|
00000260  5f 44 41 54 41 3d 28 53  45 52 56 49 43 45 5f 4e  |_DATA=(SERVICE_N|
00000270  41 4d 45 3d 4f 52 43 4c  43 44 42 2e 6c 6f 63 61  |AME=ORCLCDB.loca|
00000280  6c 64 6f 6d 61 69 6e 29  28 43 49 44 3d 28 50 52  |ldomain)(CID=(PR|
00000290  4f 47 52 41 4d 3d 2f 74  6d 70 2f 67 6f 2d 62 75  |OGRAM=/tmp/go-bu|
000002a0  69 6c 64 31 36 39 38 39  31 39 30 32 30 2f 62 30  |ild1698919020/b0|
000002b0  30 31 2f 65 78 65 2f 6d  61 69 6e 29 28 48 4f 53  |01/exe/main)(HOS|
000002c0  54 3d 66 65 64 6f 72 61  29 28 55 53 45 52 3d 74  |T=fedora)(USER=t|
000002d0  68 65 68 61 75 6e 67 29  29 29 29 00 01 16 16 53  |hehaung))))....S|
000002e0  45 53 53 49 4f 4e 5f 43  4c 49 45 4e 54 5f 43 48  |ESSION_CLIENT_CH|
000002f0  41 52 53 45 54 01 03 03  38 37 33 00 01 17 17 53  |ARSET...873....S|
00000300  45 53 53 49 4f 4e 5f 43  4c 49 45 4e 54 5f 4c 49  |ESSION_CLIENT_LI|
00000310  42 5f 54 59 50 45 01 01  01 30 00 01 1a 1a 53 45  |B_TYPE...0....SE|
00000320  53 53 49 4f 4e 5f 43 4c  49 45 4e 54 5f 44 52 49  |SSION_CLIENT_DRI|
00000330  56 45 52 5f 4e 41 4d 45  01 0e 0e 4f 72 61 63 6c  |VER_NAME...Oracl|
00000340  65 43 6c 69 65 6e 74 47  6f 00 01 16 16 53 45 53  |eClientGo....SES|
00000350  53 49 4f 4e 5f 43 4c 49  45 4e 54 5f 56 45 52 53  |SION_CLIENT_VERS|
00000360  49 4f 4e 01 07 07 32 2e  30 2e 30 2e 30 00 01 16  |ION...2.0.0.0...|
00000370  16 53 45 53 53 49 4f 4e  5f 43 4c 49 45 4e 54 5f  |.SESSION_CLIENT_|
00000380  4c 4f 42 41 54 54 52 01  01 01 31 00 01 12 12 41  |LOBATTR...1....A|
00000390  55 54 48 5f 41 4c 54 45  52 5f 53 45 53 53 49 4f  |UTH_ALTER_SESSIO|
000003a0  4e 01 56 56 41 4c 54 45  52 20 53 45 53 53 49 4f  |N.VVALTER SESSIO|
000003b0  4e 20 53 45 54 20 4e 4c  53 5f 4c 41 4e 47 55 41  |N SET NLS_LANGUA|
000003c0  47 45 3d 27 41 4d 45 52  49 43 41 4e 27 20 4e 4c  |GE='AMERICAN' NL|
000003d0  53 5f 54 45 52 52 49 54  4f 52 59 3d 27 41 4d 45  |S_TERRITORY='AME|
000003e0  52 49 43 41 27 20 20 54  49 4d 45 5f 5a 4f 4e 45  |RICA'  TIME_ZONE|
000003f0  3d 27 2b 30 37 3a 30 30  27 00 01 01              |='+07:00'...|
2023-03-28T21:52:00.4348: 
Read packet:
00000000  00 00 08 3e 06 00 00 00  00 00 08 01 2e 01 13 13  |...>............|
00000010  41 55 54 48 5f 56 45 52  53 49 4f 4e 5f 53 54 52  |AUTH_VERSION_STR|
00000020  49 4e 47 01 12 12 2d 20  36 34 62 69 74 20 50 72  |ING...- 64bit Pr|
00000030  6f 64 75 63 74 69 6f 6e  00 01 10 10 41 55 54 48  |oduction....AUTH|
00000040  5f 56 45 52 53 49 4f 4e  5f 53 51 4c 01 02 02 32  |_VERSION_SQL...2|
00000050  34 00 01 13 13 41 55 54  48 5f 58 41 43 54 49 4f  |4....AUTH_XACTIO|
00000060  4e 5f 54 52 41 49 54 53  01 01 01 33 00 01 0f 0f  |N_TRAITS...3....|
00000070  41 55 54 48 5f 56 45 52  53 49 4f 4e 5f 4e 4f 01  |AUTH_VERSION_NO.|
00000080  09 09 32 30 33 34 32 34  30 30 30 00 01 13 13 41  |..203424000....A|
00000090  55 54 48 5f 56 45 52 53  49 4f 4e 5f 53 54 41 54  |UTH_VERSION_STAT|
000000a0  55 53 01 01 01 30 00 01  15 15 41 55 54 48 5f 43  |US...0....AUTH_C|
000000b0  41 50 41 42 49 4c 49 54  59 5f 54 41 42 4c 45 00  |APABILITY_TABLE.|
000000c0  00 01 0f 0f 41 55 54 48  5f 4c 41 53 54 5f 4c 4f  |....AUTH_LAST_LO|
000000d0  47 49 4e 01 1a 1a 37 38  37 42 30 33 31 43 30 46  |GIN...787B031C0F|
000000e0  33 32 33 38 30 30 30 30  30 30 30 30 30 30 30 30  |3238000000000000|
000000f0  00 01 0b 0b 41 55 54 48  5f 44 42 4e 41 4d 45 01  |....AUTH_DBNAME.|
00000100  13 13 4f 52 43 4c 43 44  42 2e 4c 4f 43 41 4c 44  |..ORCLCDB.LOCALD|
00000110  4f 4d 41 49 4e 00 01 11  11 41 55 54 48 5f 44 42  |OMAIN....AUTH_DB|
00000120  5f 4d 4f 55 4e 54 5f 49  44 00 01 0a 0a 32 39 30  |_MOUNT_ID....290|
00000130  33 37 34 35 39 35 36 00  01 0b 0b 41 55 54 48 5f  |3745956....AUTH_|
00000140  44 42 5f 49 44 00 01 0a  0a 32 37 32 32 35 36 36  |DB_ID....2722566|
00000150  33 36 30 00 01 0c 0c 41  55 54 48 5f 55 53 45 52  |360....AUTH_USER|
00000160  5f 49 44 01 03 03 31 31  32 00 01 0f 0f 41 55 54  |_ID...112....AUT|
00000170  48 5f 53 45 53 53 49 4f  4e 5f 49 44 01 03 03 33  |H_SESSION_ID...3|
00000180  32 34 00 01 0f 0f 41 55  54 48 5f 53 45 52 49 41  |24....AUTH_SERIA|
00000190  4c 5f 4e 55 4d 01 05 05  33 30 35 36 39 00 01 10  |L_NUM...30569...|
000001a0  10 41 55 54 48 5f 49 4e  53 54 41 4e 43 45 5f 4e  |.AUTH_INSTANCE_N|
000001b0  4f 01 01 01 31 00 01 10  10 41 55 54 48 5f 46 41  |O...1....AUTH_FA|
000001c0  49 4c 4f 56 45 52 5f 49  44 01 01 01 31 00 01 0f  |ILOVER_ID...1...|
000001d0  0f 41 55 54 48 5f 53 45  52 56 45 52 5f 50 49 44  |.AUTH_SERVER_PID|
000001e0  01 03 03 34 39 32 00 01  13 13 41 55 54 48 5f 53  |...492....AUTH_S|
000001f0  43 5f 53 45 52 56 45 52  5f 48 4f 53 54 01 0c 0c  |C_SERVER_HOST...|
00000200  34 30 36 33 36 63 34 31  33 64 65 34 00 01 15 15  |40636c413de4....|
00000210  41 55 54 48 5f 53 43 5f  44 42 55 4e 49 51 55 45  |AUTH_SC_DBUNIQUE|
00000220  5f 4e 41 4d 45 01 07 07  4f 52 43 4c 43 44 42 00  |_NAME...ORCLCDB.|
00000230  01 15 15 41 55 54 48 5f  53 43 5f 49 4e 53 54 41  |...AUTH_SC_INSTA|
00000240  4e 43 45 5f 4e 41 4d 45  01 07 07 4f 52 43 4c 43  |NCE_NAME...ORCLC|
00000250  44 42 00 01 13 13 41 55  54 48 5f 53 43 5f 49 4e  |DB....AUTH_SC_IN|
00000260  53 54 41 4e 43 45 5f 49  44 01 01 01 31 00 01 1b  |STANCE_ID...1...|
00000270  1b 41 55 54 48 5f 53 43  5f 49 4e 53 54 41 4e 43  |.AUTH_SC_INSTANC|
00000280  45 5f 53 54 41 52 54 5f  54 49 4d 45 01 24 24 32  |E_START_TIME.$$2|
00000290  30 32 33 2d 30 33 2d 32  38 20 31 34 3a 35 30 3a  |023-03-28 14:50:|
000002a0  31 31 2e 30 30 30 30 30  30 30 30 30 20 2b 30 37  |11.000000000 +07|
000002b0  3a 30 30 00 01 11 11 41  55 54 48 5f 53 43 5f 44  |:00....AUTH_SC_D|
000002c0  42 5f 44 4f 4d 41 49 4e  01 0b 0b 6c 6f 63 61 6c  |B_DOMAIN...local|
000002d0  64 6f 6d 61 69 6e 00 01  14 14 41 55 54 48 5f 53  |domain....AUTH_S|
000002e0  43 5f 53 45 52 56 49 43  45 5f 4e 41 4d 45 01 13  |C_SERVICE_NAME..|
000002f0  13 4f 52 43 4c 43 44 42  2e 6c 6f 63 61 6c 64 6f  |.ORCLCDB.localdo|
00000300  6d 61 69 6e 00 01 1b 1b  41 55 54 48 5f 4f 4e 53  |main....AUTH_ONS|
00000310  5f 52 4c 42 5f 53 55 42  53 43 52 5f 50 41 54 54  |_RLB_SUBSCR_PATT|
00000320  45 52 4e 01 41 41 25 22  65 76 65 6e 74 54 79 70  |ERN.AA%"eventTyp|
00000330  65 3d 64 61 74 61 62 61  73 65 2f 65 76 65 6e 74  |e=database/event|
00000340  2f 73 65 72 76 69 63 65  6d 65 74 72 69 63 73 2f  |/servicemetrics/|
00000350  4f 52 43 4c 43 44 42 2e  6c 6f 63 61 6c 64 6f 6d  |ORCLCDB.localdom|
00000360  61 69 6e 22 00 00 00 00  01 1a 1a 41 55 54 48 5f  |ain".......AUTH_|
00000370  4f 4e 53 5f 48 41 5f 53  55 42 53 43 52 5f 50 41  |ONS_HA_SUBSCR_PA|
00000380  54 54 45 52 4e 01 49 49  28 22 65 76 65 6e 74 54  |TTERN.II("eventT|
00000390  79 70 65 3d 64 61 74 61  62 61 73 65 2f 65 76 65  |ype=database/eve|
000003a0  6e 74 2f 73 65 72 76 69  63 65 22 29 20 7c 20 28  |nt/service") | (|
000003b0  22 65 76 65 6e 74 54 79  70 65 3d 64 61 74 61 62  |"eventType=datab|
000003c0  61 73 65 2f 65 76 65 6e  74 2f 68 6f 73 74 22 29  |ase/event/host")|
000003d0  00 00 01 11 11 41 55 54  48 5f 53 43 5f 53 56 43  |.....AUTH_SC_SVC|
000003e0  5f 46 4c 41 47 53 01 01  01 38 00 01 11 11 41 55  |_FLAGS...8....AU|
000003f0  54 48 5f 49 4e 53 54 41  4e 43 45 4e 41 4d 45 01  |TH_INSTANCENAME.|
00000400  07 07 4f 52 43 4c 43 44  42 00 01 0f 0f 41 55 54  |..ORCLCDB....AUT|
00000410  48 5f 4e 4c 53 5f 4c 58  4c 41 4e 00 01 08 08 41  |H_NLS_LXLAN....A|
00000420  4d 45 52 49 43 41 4e 00  01 16 16 41 55 54 48 5f  |MERICAN....AUTH_|
00000430  4e 4c 53 5f 4c 58 43 54  45 52 52 49 54 4f 52 59  |NLS_LXCTERRITORY|
00000440  00 01 07 07 41 4d 45 52  49 43 41 00 01 15 15 41  |....AMERICA....A|
00000450  55 54 48 5f 4e 4c 53 5f  4c 58 43 43 55 52 52 45  |UTH_NLS_LXCCURRE|
00000460  4e 43 59 00 01 01 01 24  00 01 14 14 41 55 54 48  |NCY....$....AUTH|
00000470  5f 4e 4c 53 5f 4c 58 43  49 53 4f 43 55 52 52 00  |_NLS_LXCISOCURR.|
00000480  01 07 07 41 4d 45 52 49  43 41 00 01 15 15 41 55  |...AMERICA....AU|
00000490  54 48 5f 4e 4c 53 5f 4c  58 43 4e 55 4d 45 52 49  |TH_NLS_LXCNUMERI|
000004a0  43 53 00 01 02 02 2e 2c  00 01 13 13 41 55 54 48  |CS.....,....AUTH|
000004b0  5f 4e 4c 53 5f 4c 58 43  44 41 54 45 46 4d 00 01  |_NLS_LXCDATEFM..|
000004c0  09 09 44 44 2d 4d 4f 4e  2d 52 52 00 01 15 15 41  |..DD-MON-RR....A|
000004d0  55 54 48 5f 4e 4c 53 5f  4c 58 43 44 41 54 45 4c  |UTH_NLS_LXCDATEL|
000004e0  41 4e 47 00 01 08 08 41  4d 45 52 49 43 41 4e 00  |ANG....AMERICAN.|
000004f0  01 11 11 41 55 54 48 5f  4e 4c 53 5f 4c 58 43 53  |...AUTH_NLS_LXCS|
00000500  4f 52 54 00 01 06 06 42  49 4e 41 52 59 00 01 15  |ORT....BINARY...|
00000510  15 41 55 54 48 5f 4e 4c  53 5f 4c 58 43 43 41 4c  |.AUTH_NLS_LXCCAL|
00000520  45 4e 44 41 52 00 01 09  09 47 52 45 47 4f 52 49  |ENDAR....GREGORI|
00000530  41 4e 00 01 15 15 41 55  54 48 5f 4e 4c 53 5f 4c  |AN....AUTH_NLS_L|
00000540  58 43 55 4e 49 4f 4e 43  55 52 00 01 01 01 24 00  |XCUNIONCUR....$.|
00000550  01 13 13 41 55 54 48 5f  4e 4c 53 5f 4c 58 43 54  |...AUTH_NLS_LXCT|
00000560  49 4d 45 46 4d 00 01 0e  0e 48 48 2e 4d 49 2e 53  |IMEFM....HH.MI.S|
00000570  53 58 46 46 20 41 4d 00  01 13 13 41 55 54 48 5f  |SXFF AM....AUTH_|
00000580  4e 4c 53 5f 4c 58 43 53  54 4d 50 46 4d 00 01 18  |NLS_LXCSTMPFM...|
00000590  18 44 44 2d 4d 4f 4e 2d  52 52 20 48 48 2e 4d 49  |.DD-MON-RR HH.MI|
000005a0  2e 53 53 58 46 46 20 41  4d 00 01 13 13 41 55 54  |.SSXFF AM....AUT|
000005b0  48 5f 4e 4c 53 5f 4c 58  43 54 54 5a 4e 46 4d 00  |H_NLS_LXCTTZNFM.|
000005c0  01 12 12 48 48 2e 4d 49  2e 53 53 58 46 46 20 41  |...HH.MI.SSXFF A|
000005d0  4d 20 54 5a 52 00 01 13  13 41 55 54 48 5f 4e 4c  |M TZR....AUTH_NL|
000005e0  53 5f 4c 58 43 53 54 5a  4e 46 4d 00 01 1c 1c 44  |S_LXCSTZNFM....D|
000005f0  44 2d 4d 4f 4e 2d 52 52  20 48 48 2e 4d 49 2e 53  |D-MON-RR HH.MI.S|
00000600  53 58 46 46 20 41 4d 20  54 5a 52 00 01 11 11 41  |SXFF AM TZR....A|
00000610  55 54 48 5f 53 56 52 5f  52 45 53 50 4f 4e 53 45  |UTH_SVR_RESPONSE|
00000620  01 60 60 36 34 33 33 32  38 36 43 46 32 32 35 46  |.``6433286CF225F|
00000630  35 41 31 46 39 46 32 39  37 37 36 31 34 34 41 43  |5A1F9F29776144AC|
00000640  31 45 36 34 39 39 46 41  32 44 42 38 30 34 46 31  |1E6499FA2DB804F1|
00000650  44 34 30 31 37 37 42 32  36 31 38 45 35 46 44 35  |D40177B2618E5FD5|
00000660  31 32 39 33 46 33 46 42  32 44 45 38 42 33 30 44  |1293F3FB2DE8B30D|
00000670  36 45 31 43 43 43 35 45  34 37 44 46 37 30 30 32  |6E1CCC5E47DF7002|
00000680  30 32 31 00 01 15 15 41  55 54 48 5f 54 53 54 5a  |021....AUTH_TSTZ|
00000690  5f 45 52 52 4f 52 5f 43  48 45 43 4b 01 01 01 31  |_ERROR_CHECK...1|
000006a0  00 01 15 15 41 55 54 48  5f 4d 41 58 5f 4f 50 45  |....AUTH_MAX_OPE|
000006b0  4e 5f 43 55 52 53 4f 52  53 01 03 03 33 30 30 00  |N_CURSORS...300.|
000006c0  01 0d 0d 41 55 54 48 5f  50 44 42 5f 55 49 44 00  |...AUTH_PDB_UID.|
000006d0  01 01 01 31 00 01 14 14  41 55 54 48 5f 4d 41 58  |...1....AUTH_MAX|
000006e0  5f 49 44 45 4e 5f 4c 45  4e 47 54 48 01 03 03 31  |_IDEN_LENGTH...1|
000006f0  32 38 00 17 05 01 01 10  01 13 16 00 01 08 08 41  |28.............A|
00000700  4d 45 52 49 43 41 4e 01  10 00 01 07 07 41 4d 45  |MERICAN......AME|
00000710  52 49 43 41 01 09 00 01  01 01 24 00 00 01 07 07  |RICA......$.....|
00000720  41 4d 45 52 49 43 41 01  01 00 01 02 02 2e 2c 01  |AMERICA.......,.|
00000730  02 00 01 08 08 41 4c 33  32 55 54 46 38 01 0a 00  |.....AL32UTF8...|
00000740  01 09 09 47 52 45 47 4f  52 49 41 4e 01 0c 00 01  |...GREGORIAN....|
00000750  09 09 44 44 2d 4d 4f 4e  2d 52 52 01 07 00 01 08  |..DD-MON-RR.....|
00000760  08 41 4d 45 52 49 43 41  4e 01 08 00 01 06 06 42  |.AMERICAN......B|
00000770  49 4e 41 52 59 01 0b 00  01 0e 0e 48 48 2e 4d 49  |INARY......HH.MI|
00000780  2e 53 53 58 46 46 20 41  4d 01 39 00 01 18 18 44  |.SSXFF AM.9....D|
00000790  44 2d 4d 4f 4e 2d 52 52  20 48 48 2e 4d 49 2e 53  |D-MON-RR HH.MI.S|
000007a0  53 58 46 46 20 41 4d 01  3a 00 01 12 12 48 48 2e  |SXFF AM.:....HH.|
000007b0  4d 49 2e 53 53 58 46 46  20 41 4d 20 54 5a 52 01  |MI.SSXFF AM TZR.|
000007c0  3b 00 01 1c 1c 44 44 2d  4d 4f 4e 2d 52 52 20 48  |;....DD-MON-RR H|
000007d0  48 2e 4d 49 2e 53 53 58  46 46 20 41 4d 20 54 5a  |H.MI.SSXFF AM TZ|
000007e0  52 01 3c 00 01 01 01 24  01 34 00 01 06 06 42 49  |R.<....$.4....BI|
000007f0  4e 41 52 59 01 32 00 01  04 04 42 59 54 45 01 3d  |NARY.2....BYTE.=|
00000800  00 01 05 05 46 41 4c 53  45 01 3e 00 01 0b 0b 80  |....FALSE.>.....|
00000810  00 00 00 43 3c 3c 80 00  00 00 01 a3 00 04 01 01  |...C<<..........|
00000820  01 03 00 00 00 00 00 00  00 00 00 00 00 00 00 00  |................|
00000830  00 00 00 00 00 00 00 00  00 00 00 00 00 00        |..............|
2023-03-28T21:52:00.4351: 
Write packet:
00000000  00 00 00 13 06 00 00 00  00 00 03 3b 00 01 02 01  |...........;....|
00000010  00 01 01                                          |...|
2023-03-28T21:52:00.4354: 
Read packet:
00000000  00 00 00 64 06 00 00 00  00 00 08 01 4c 4c 4f 72  |...d........LLOr|
00000010  61 63 6c 65 20 44 61 74  61 62 61 73 65 20 31 32  |acle Database 12|
00000020  63 20 45 6e 74 65 72 70  72 69 73 65 20 45 64 69  |c Enterprise Edi|
00000030  74 69 6f 6e 20 52 65 6c  65 61 73 65 20 31 32 2e  |tion Release 12.|
00000040  32 2e 30 2e 31 2e 30 20  2d 20 36 34 62 69 74 20  |2.0.1.0 - 64bit |
00000050  50 72 6f 64 75 63 74 69  6f 6e 04 0c 20 01 00 09  |Production.. ...|
00000060  01 01 01 03                                       |....|
2023-03-28T21:52:00.4355: Connected
2023-03-28T21:52:00.4355: Database Version: 12.2.0.1.0
2023-03-28T21:52:00.4356: Ping
2023-03-28T21:52:00.4356: 
Write packet:
00000000  00 00 00 0d 06 00 00 00  00 00 03 93 00           |.............|
2023-03-28T21:52:00.4360: 
Read packet:
00000000  00 00 00 0f 06 00 00 00  00 00 09 01 01 01 04     |...............|
2023-03-28T21:52:01.2149: Query With Context:SELECT ID, NAME, TEAM_NAME, ORGANIZATION, TITLE, ONBOARD_DATE, ACTIVE, CREATED_AT, MODIFIED_AT FROM DB_USER1.STAFF WHERE ACTIVE = 1 ORDER BY CREATED_AT DESC
2023-03-28T21:52:01.2154: Query:
SELECT ID, NAME, TEAM_NAME, ORGANIZATION, TITLE, ONBOARD_DATE, ACTIVE, CREATED_AT, MODIFIED_AT FROM DB_USER1.STAFF WHERE ACTIVE = 1 ORDER BY CREATED_AT DESC
2023-03-28T21:52:01.2155: 
Write packet:
00000000  00 00 00 ea 06 00 00 00  00 00 03 5e 00 02 80 21  |...........^...!|
00000010  00 01 01 9c 01 01 0d 00  00 00 01 19 04 3f ff ff  |.............?..|
00000020  ff 00 00 00 00 00 00 00  00 00 00 00 01 00 00 00  |................|
00000030  00 00 00 00 00 00 00 00  00 00 00 00 9c 53 45 4c  |.............SEL|
00000040  45 43 54 20 49 44 2c 20  4e 41 4d 45 2c 20 54 45  |ECT ID, NAME, TE|
00000050  41 4d 5f 4e 41 4d 45 2c  20 4f 52 47 41 4e 49 5a  |AM_NAME, ORGANIZ|
00000060  41 54 49 4f 4e 2c 20 54  49 54 4c 45 2c 20 4f 4e  |ATION, TITLE, ON|
00000070  42 4f 41 52 44 5f 44 41  54 45 2c 20 41 43 54 49  |BOARD_DATE, ACTI|
00000080  56 45 2c 20 43 52 45 41  54 45 44 5f 41 54 2c 20  |VE, CREATED_AT, |
00000090  4d 4f 44 49 46 49 45 44  5f 41 54 20 46 52 4f 4d  |MODIFIED_AT FROM|
000000a0  20 44 42 5f 55 53 45 52  31 2e 53 54 41 46 46 20  | DB_USER1.STAFF |
000000b0  57 48 45 52 45 20 41 43  54 49 56 45 20 3d 20 31  |WHERE ACTIVE = 1|
000000c0  20 4f 52 44 45 52 20 42  59 20 43 52 45 41 54 45  | ORDER BY CREATE|
000000d0  44 5f 41 54 20 44 45 53  43 01 01 00 00 00 00 00  |D_AT DESC.......|
000000e0  00 01 01 00 02 80 00 00  00 00                    |..........|
2023-03-28T21:52:01.2332: 
Read packet:
00000000  00 00 02 06 06 00 00 00  00 00 10 17 39 54 76 72  |............9Tvr|
00000010  a9 cf 86 28 f3 fb 89 ef  0f b5 df 19 78 7b 03 1c  |...(........x{..|
00000020  0f 35 01 02 01 dd 01 09  54 02 00 00 81 7f 01 16  |.5......T.......|
00000030  00 00 00 00 00 00 00 00  00 02 01 02 02 49 44 00  |.............ID.|
00000040  00 00 00 01 80 00 00 01  64 00 00 00 00 02 03 69  |........d......i|
00000050  01 01 64 02 3f fe 01 04  01 04 04 4e 41 4d 45 00  |..d.?......NAME.|
00000060  00 01 01 00 01 80 00 00  01 64 00 00 00 00 02 03  |.........d......|
00000070  69 01 01 64 02 3f fe 01  09 01 09 09 54 45 41 4d  |i..d.?......TEAM|
00000080  5f 4e 41 4d 45 00 00 01  02 00 01 80 00 00 01 64  |_NAME..........d|
00000090  00 00 00 00 02 03 69 01  01 64 02 3f fe 01 0c 01  |......i..d.?....|
000000a0  0c 0c 4f 52 47 41 4e 49  5a 41 54 49 4f 4e 00 00  |..ORGANIZATION..|
000000b0  01 03 00 01 80 00 00 01  64 00 00 00 00 02 03 69  |........d......i|
000000c0  01 01 64 02 3f fe 01 05  01 05 05 54 49 54 4c 45  |..d.?......TITLE|
000000d0  00 00 01 04 00 b4 00 00  01 06 01 0b 00 00 00 00  |................|
000000e0  00 00 00 00 01 0c 01 0c  0c 4f 4e 42 4f 41 52 44  |.........ONBOARD|
000000f0  5f 44 41 54 45 00 00 01  05 00 02 00 01 00 01 16  |_DATE...........|
00000100  00 00 00 00 00 00 00 00  01 06 01 06 06 41 43 54  |.............ACT|
00000110  49 56 45 00 00 01 06 00  b4 00 00 01 06 01 0b 00  |IVE.............|
00000120  00 00 00 00 00 00 00 01  0a 01 0a 0a 43 52 45 41  |............CREA|
00000130  54 45 44 5f 41 54 00 00  01 07 00 b4 00 00 01 06  |TED_AT..........|
00000140  01 0b 00 00 00 00 00 00  00 00 01 0b 01 0b 0b 4d  |...............M|
00000150  4f 44 49 46 49 45 44 5f  41 54 00 00 01 08 00 01  |ODIFIED_AT......|
00000160  07 07 78 7b 03 1c 0f 35  02 00 02 1f e8 01 0a 01  |..x{...5........|
00000170  0a 00 06 22 01 09 00 01  19 00 00 00 07 02 c1 03  |..."............|
00000180  0a 48 61 75 20 4e 67 75  79 65 6e 03 53 4f 46 03  |.Hau Nguyen.SOF.|
00000190  49 54 43 03 44 65 76 07  78 73 09 12 01 01 01 02  |ITC.Dev.xs......|
000001a0  c1 02 07 78 7b 03 17 10  27 1d 07 78 7b 03 17 10  |...x{...'..x{...|
000001b0  27 1d 08 01 06 03 2c 9a  66 00 01 01 00 00 00 00  |'.....,.f.......|
000001c0  00 00 04 01 01 01 05 01  01 02 05 7b 00 00 01 01  |...........{....|
000001d0  01 6d 03 00 00 00 00 00  00 00 00 00 00 00 00 00  |.m..............|
000001e0  00 01 01 00 00 00 00 02  05 7b 01 01 19 4f 52 41  |.........{...ORA|
000001f0  2d 30 31 34 30 33 3a 20  6e 6f 20 64 61 74 61 20  |-01403: no data |
00000200  66 6f 75 6e 64 0a                                 |found.|
2023-03-28T21:52:01.2334: Summary: RetCode:1403, Error Message:"ORA-01403: no data found\n"
2023-03-28T21:52:01.2334: Row 0
2023-03-28T21:52:01.2334:   ID                  : 2
2023-03-28T21:52:01.2335:   NAME                : Hau Nguyen
2023-03-28T21:52:01.2335:   TEAM_NAME           : SOF
2023-03-28T21:52:01.2335:   ORGANIZATION        : ITC
2023-03-28T21:52:01.2335:   TITLE               : Dev
2023-03-28T21:52:01.2336:   ONBOARD_DATE        : 2015-09-18 00:00:00 +0700 +07
2023-03-28T21:52:01.2336:   ACTIVE              : 1
2023-03-28T21:52:01.2336:   CREATED_AT          : 2023-03-23 15:38:28 +0700 +07
2023-03-28T21:52:01.2336:   MODIFIED_AT         : 2023-03-23 15:38:28 +0700 +07
2023-03-28T21:52:01.2337: 
Write packet:
00000000  00 00 00 15 06 00 00 00  00 00 11 69 00 01 01 01  |...........i....|
00000010  01 01 03 93 00                                    |.....|
2023-03-28T21:52:01.2339: 
Read packet:
00000000  00 00 00 0f 06 00 00 00  00 00 09 01 01 01 07     |...............|
2023-03-28T21:52:05.6001: Query With Context:SELECT ID, NAME, TEAM_NAME, ORGANIZATION, TITLE, ONBOARD_DATE, ACTIVE, CREATED_AT, MODIFIED_AT FROM DB_USER1.STAFF WHERE ACTIVE = 1 ORDER BY CREATED_AT DESC
2023-03-28T21:52:05.6002: Query:
SELECT ID, NAME, TEAM_NAME, ORGANIZATION, TITLE, ONBOARD_DATE, ACTIVE, CREATED_AT, MODIFIED_AT FROM DB_USER1.STAFF WHERE ACTIVE = 1 ORDER BY CREATED_AT DESC
2023-03-28T21:52:05.6002: 
Write packet:
00000000  00 00 00 ea 06 00 00 00  00 00 03 5e 00 02 80 21  |...........^...!|
00000010  00 01 01 9c 01 01 0d 00  00 00 01 19 04 3f ff ff  |.............?..|
00000020  ff 00 00 00 00 00 00 00  00 00 00 00 01 00 00 00  |................|
00000030  00 00 00 00 00 00 00 00  00 00 00 00 9c 53 45 4c  |.............SEL|
00000040  45 43 54 20 49 44 2c 20  4e 41 4d 45 2c 20 54 45  |ECT ID, NAME, TE|
00000050  41 4d 5f 4e 41 4d 45 2c  20 4f 52 47 41 4e 49 5a  |AM_NAME, ORGANIZ|
00000060  41 54 49 4f 4e 2c 20 54  49 54 4c 45 2c 20 4f 4e  |ATION, TITLE, ON|
00000070  42 4f 41 52 44 5f 44 41  54 45 2c 20 41 43 54 49  |BOARD_DATE, ACTI|
00000080  56 45 2c 20 43 52 45 41  54 45 44 5f 41 54 2c 20  |VE, CREATED_AT, |
00000090  4d 4f 44 49 46 49 45 44  5f 41 54 20 46 52 4f 4d  |MODIFIED_AT FROM|
000000a0  20 44 42 5f 55 53 45 52  31 2e 53 54 41 46 46 20  | DB_USER1.STAFF |
000000b0  57 48 45 52 45 20 41 43  54 49 56 45 20 3d 20 31  |WHERE ACTIVE = 1|
000000c0  20 4f 52 44 45 52 20 42  59 20 43 52 45 41 54 45  | ORDER BY CREATE|
000000d0  44 5f 41 54 20 44 45 53  43 01 01 00 00 00 00 00  |D_AT DESC.......|
000000e0  00 01 01 00 02 80 00 00  00 00                    |..........|
2023-03-28T21:52:05.6009: 
Read packet:
00000000  00 00 02 06 06 00 00 00  00 00 10 17 39 54 76 72  |............9Tvr|
00000010  a9 cf 86 28 f3 fb 89 ef  0f b5 df 19 78 7b 03 1c  |...(........x{..|
00000020  0f 35 01 02 01 dd 01 09  54 02 00 00 81 7f 01 16  |.5......T.......|
00000030  00 00 00 00 00 00 00 00  00 02 01 02 02 49 44 00  |.............ID.|
00000040  00 00 00 01 80 00 00 01  64 00 00 00 00 02 03 69  |........d......i|
00000050  01 01 64 02 3f fe 01 04  01 04 04 4e 41 4d 45 00  |..d.?......NAME.|
00000060  00 01 01 00 01 80 00 00  01 64 00 00 00 00 02 03  |.........d......|
00000070  69 01 01 64 02 3f fe 01  09 01 09 09 54 45 41 4d  |i..d.?......TEAM|
00000080  5f 4e 41 4d 45 00 00 01  02 00 01 80 00 00 01 64  |_NAME..........d|
00000090  00 00 00 00 02 03 69 01  01 64 02 3f fe 01 0c 01  |......i..d.?....|
000000a0  0c 0c 4f 52 47 41 4e 49  5a 41 54 49 4f 4e 00 00  |..ORGANIZATION..|
000000b0  01 03 00 01 80 00 00 01  64 00 00 00 00 02 03 69  |........d......i|
000000c0  01 01 64 02 3f fe 01 05  01 05 05 54 49 54 4c 45  |..d.?......TITLE|
000000d0  00 00 01 04 00 b4 00 00  01 06 01 0b 00 00 00 00  |................|
000000e0  00 00 00 00 01 0c 01 0c  0c 4f 4e 42 4f 41 52 44  |.........ONBOARD|
000000f0  5f 44 41 54 45 00 00 01  05 00 02 00 01 00 01 16  |_DATE...........|
00000100  00 00 00 00 00 00 00 00  01 06 01 06 06 41 43 54  |.............ACT|
00000110  49 56 45 00 00 01 06 00  b4 00 00 01 06 01 0b 00  |IVE.............|
00000120  00 00 00 00 00 00 00 01  0a 01 0a 0a 43 52 45 41  |............CREA|
00000130  54 45 44 5f 41 54 00 00  01 07 00 b4 00 00 01 06  |TED_AT..........|
00000140  01 0b 00 00 00 00 00 00  00 00 01 0b 01 0b 0b 4d  |...............M|
00000150  4f 44 49 46 49 45 44 5f  41 54 00 00 01 08 00 01  |ODIFIED_AT......|
00000160  07 07 78 7b 03 1c 0f 35  06 00 02 1f e8 01 0a 01  |..x{...5........|
00000170  0a 00 06 22 01 09 00 01  19 00 00 00 07 02 c1 03  |..."............|
00000180  0a 48 61 75 20 4e 67 75  79 65 6e 03 53 4f 46 03  |.Hau Nguyen.SOF.|
00000190  49 54 43 03 44 65 76 07  78 73 09 12 01 01 01 02  |ITC.Dev.xs......|
000001a0  c1 02 07 78 7b 03 17 10  27 1d 07 78 7b 03 17 10  |...x{...'..x{...|
000001b0  27 1d 08 01 06 03 2c 9a  67 00 01 06 00 00 00 00  |'.....,.g.......|
000001c0  00 00 04 01 01 01 08 01  01 02 05 7b 00 00 01 06  |...........{....|
000001d0  01 6d 03 00 00 00 00 00  00 00 00 00 00 00 00 00  |.m..............|
000001e0  00 01 01 00 00 00 00 02  05 7b 01 01 19 4f 52 41  |.........{...ORA|
000001f0  2d 30 31 34 30 33 3a 20  6e 6f 20 64 61 74 61 20  |-01403: no data |
00000200  66 6f 75 6e 64 0a                                 |found.|
2023-03-28T21:52:05.6011: Summary: RetCode:1403, Error Message:"ORA-01403: no data found\n"
2023-03-28T21:52:05.6011: Row 0
2023-03-28T21:52:05.6011:   ID                  : 2
2023-03-28T21:52:05.6011:   NAME                : Hau Nguyen
2023-03-28T21:52:05.6012:   TEAM_NAME           : SOF
2023-03-28T21:52:05.6012:   ORGANIZATION        : ITC
2023-03-28T21:52:05.6012:   TITLE               : Dev
2023-03-28T21:52:05.6012:   ONBOARD_DATE        : 2015-09-18 00:00:00 +0700 +07
2023-03-28T21:52:05.6013:   ACTIVE              : 1
2023-03-28T21:52:05.6013:   CREATED_AT          : 2023-03-23 15:38:28 +0700 +07
2023-03-28T21:52:05.6013:   MODIFIED_AT         : 2023-03-23 15:38:28 +0700 +07
2023-03-28T21:52:05.6014: 
Write packet:
00000000  00 00 00 15 06 00 00 00  00 00 11 69 00 01 01 01  |...........i....|
00000010  01 06 03 93 00                                    |.....|
2023-03-28T21:52:05.6017: 
Read packet:
00000000  00 00 00 0f 06 00 00 00  00 00 09 01 01 01 0a     |...............|
2023-03-28T21:52:07.6873: Query With Context:SELECT ID, NAME, TEAM_NAME, ORGANIZATION, TITLE, ONBOARD_DATE, ACTIVE, CREATED_AT, MODIFIED_AT FROM DB_USER1.STAFF WHERE ACTIVE = 1 ORDER BY CREATED_AT DESC
2023-03-28T21:52:07.6874: Query:
SELECT ID, NAME, TEAM_NAME, ORGANIZATION, TITLE, ONBOARD_DATE, ACTIVE, CREATED_AT, MODIFIED_AT FROM DB_USER1.STAFF WHERE ACTIVE = 1 ORDER BY CREATED_AT DESC
2023-03-28T21:52:07.6874: 
Write packet:
00000000  00 00 00 ea 06 00 00 00  00 00 03 5e 00 02 80 21  |...........^...!|
00000010  00 01 01 9c 01 01 0d 00  00 00 01 19 04 3f ff ff  |.............?..|
00000020  ff 00 00 00 00 00 00 00  00 00 00 00 01 00 00 00  |................|
00000030  00 00 00 00 00 00 00 00  00 00 00 00 9c 53 45 4c  |.............SEL|
00000040  45 43 54 20 49 44 2c 20  4e 41 4d 45 2c 20 54 45  |ECT ID, NAME, TE|
00000050  41 4d 5f 4e 41 4d 45 2c  20 4f 52 47 41 4e 49 5a  |AM_NAME, ORGANIZ|
00000060  41 54 49 4f 4e 2c 20 54  49 54 4c 45 2c 20 4f 4e  |ATION, TITLE, ON|
00000070  42 4f 41 52 44 5f 44 41  54 45 2c 20 41 43 54 49  |BOARD_DATE, ACTI|
00000080  56 45 2c 20 43 52 45 41  54 45 44 5f 41 54 2c 20  |VE, CREATED_AT, |
00000090  4d 4f 44 49 46 49 45 44  5f 41 54 20 46 52 4f 4d  |MODIFIED_AT FROM|
000000a0  20 44 42 5f 55 53 45 52  31 2e 53 54 41 46 46 20  | DB_USER1.STAFF |
000000b0  57 48 45 52 45 20 41 43  54 49 56 45 20 3d 20 31  |WHERE ACTIVE = 1|
000000c0  20 4f 52 44 45 52 20 42  59 20 43 52 45 41 54 45  | ORDER BY CREATE|
000000d0  44 5f 41 54 20 44 45 53  43 01 01 00 00 00 00 00  |D_AT DESC.......|
000000e0  00 01 01 00 02 80 00 00  00 00                    |..........|
2023-03-28T21:52:07.6884: 
Read packet:
00000000  00 00 02 05 06 00 00 00  00 00 10 17 39 54 76 72  |............9Tvr|
00000010  a9 cf 86 28 f3 fb 89 ef  0f b5 df 19 78 7b 03 1c  |...(........x{..|
00000020  0f 35 01 02 01 dd 01 09  54 02 00 00 81 7f 01 16  |.5......T.......|
00000030  00 00 00 00 00 00 00 00  00 02 01 02 02 49 44 00  |.............ID.|
00000040  00 00 00 01 80 00 00 01  64 00 00 00 00 02 03 69  |........d......i|
00000050  01 01 64 02 3f fe 01 04  01 04 04 4e 41 4d 45 00  |..d.?......NAME.|
00000060  00 01 01 00 01 80 00 00  01 64 00 00 00 00 02 03  |.........d......|
00000070  69 01 01 64 02 3f fe 01  09 01 09 09 54 45 41 4d  |i..d.?......TEAM|
00000080  5f 4e 41 4d 45 00 00 01  02 00 01 80 00 00 01 64  |_NAME..........d|
00000090  00 00 00 00 02 03 69 01  01 64 02 3f fe 01 0c 01  |......i..d.?....|
000000a0  0c 0c 4f 52 47 41 4e 49  5a 41 54 49 4f 4e 00 00  |..ORGANIZATION..|
000000b0  01 03 00 01 80 00 00 01  64 00 00 00 00 02 03 69  |........d......i|
000000c0  01 01 64 02 3f fe 01 05  01 05 05 54 49 54 4c 45  |..d.?......TITLE|
000000d0  00 00 01 04 00 b4 00 00  01 06 01 0b 00 00 00 00  |................|
000000e0  00 00 00 00 01 0c 01 0c  0c 4f 4e 42 4f 41 52 44  |.........ONBOARD|
000000f0  5f 44 41 54 45 00 00 01  05 00 02 00 01 00 01 16  |_DATE...........|
00000100  00 00 00 00 00 00 00 00  01 06 01 06 06 41 43 54  |.............ACT|
00000110  49 56 45 00 00 01 06 00  b4 00 00 01 06 01 0b 00  |IVE.............|
00000120  00 00 00 00 00 00 00 01  0a 01 0a 0a 43 52 45 41  |............CREA|
00000130  54 45 44 5f 41 54 00 00  01 07 00 b4 00 00 01 06  |TED_AT..........|
00000140  01 0b 00 00 00 00 00 00  00 00 01 0b 01 0b 0b 4d  |...............M|
00000150  4f 44 49 46 49 45 44 5f  41 54 00 00 01 08 00 01  |ODIFIED_AT......|
00000160  07 07 78 7b 03 1c 0f 35  08 00 02 1f e8 01 0a 01  |..x{...5........|
00000170  0a 00 06 22 01 09 00 01  19 00 00 00 07 02 c1 03  |..."............|
00000180  0a 48 61 75 20 4e 67 75  79 65 6e 03 53 4f 46 03  |.Hau Nguyen.SOF.|
00000190  49 54 43 03 44 65 76 07  78 73 09 12 01 01 01 02  |ITC.Dev.xs......|
000001a0  c1 02 07 78 7b 03 17 10  27 1d 07 78 7b 03 17 10  |...x{...'..x{...|
000001b0  27 1d 08 01 06 03 2c 9a  68 00 01 05 00 00 00 00  |'.....,.h.......|
000001c0  00 00 04 01 01 01 0b 01  01 02 05 7b 00 00 01 05  |...........{....|
000001d0  00 03 00 00 00 00 00 00  00 00 00 00 00 00 00 00  |................|
000001e0  01 01 00 00 00 00 02 05  7b 01 01 19 4f 52 41 2d  |........{...ORA-|
000001f0  30 31 34 30 33 3a 20 6e  6f 20 64 61 74 61 20 66  |01403: no data f|
00000200  6f 75 6e 64 0a                                    |ound.|
2023-03-28T21:52:07.6885: Summary: RetCode:1403, Error Message:"ORA-01403: no data found\n"
2023-03-28T21:52:07.6885: Row 0
2023-03-28T21:52:07.6886:   ID                  : 2
2023-03-28T21:52:07.6886:   NAME                : Hau Nguyen
2023-03-28T21:52:07.6886:   TEAM_NAME           : SOF
2023-03-28T21:52:07.6886:   ORGANIZATION        : ITC
2023-03-28T21:52:07.6886:   TITLE               : Dev
2023-03-28T21:52:07.6886:   ONBOARD_DATE        : 2015-09-18 00:00:00 +0700 +07
2023-03-28T21:52:07.6886:   ACTIVE              : 1
2023-03-28T21:52:07.6886:   CREATED_AT          : 2023-03-23 15:38:28 +0700 +07
2023-03-28T21:52:07.6886:   MODIFIED_AT         : 2023-03-23 15:38:28 +0700 +07
2023-03-28T21:52:07.6886: 
Write packet:
00000000  00 00 00 15 06 00 00 00  00 00 11 69 00 01 01 01  |...........i....|
00000010  01 05 03 93 00                                    |.....|
2023-03-28T21:52:07.6889: 
Read packet:
00000000  00 00 00 0f 06 00 00 00  00 00 09 01 01 01 0d     |...............|
2023-03-28T21:52:09.7894: Query With Context:SELECT ID, NAME, TEAM_NAME, ORGANIZATION, TITLE, ONBOARD_DATE, ACTIVE, CREATED_AT, MODIFIED_AT FROM DB_USER1.STAFF WHERE ACTIVE = 1 ORDER BY CREATED_AT DESC
2023-03-28T21:52:09.7895: Query:
SELECT ID, NAME, TEAM_NAME, ORGANIZATION, TITLE, ONBOARD_DATE, ACTIVE, CREATED_AT, MODIFIED_AT FROM DB_USER1.STAFF WHERE ACTIVE = 1 ORDER BY CREATED_AT DESC
2023-03-28T21:52:09.7895: 
Write packet:
00000000  00 00 00 ea 06 00 00 00  00 00 03 5e 00 02 80 21  |...........^...!|
00000010  00 01 01 9c 01 01 0d 00  00 00 01 19 04 3f ff ff  |.............?..|
00000020  ff 00 00 00 00 00 00 00  00 00 00 00 01 00 00 00  |................|
00000030  00 00 00 00 00 00 00 00  00 00 00 00 9c 53 45 4c  |.............SEL|
00000040  45 43 54 20 49 44 2c 20  4e 41 4d 45 2c 20 54 45  |ECT ID, NAME, TE|
00000050  41 4d 5f 4e 41 4d 45 2c  20 4f 52 47 41 4e 49 5a  |AM_NAME, ORGANIZ|
00000060  41 54 49 4f 4e 2c 20 54  49 54 4c 45 2c 20 4f 4e  |ATION, TITLE, ON|
00000070  42 4f 41 52 44 5f 44 41  54 45 2c 20 41 43 54 49  |BOARD_DATE, ACTI|
00000080  56 45 2c 20 43 52 45 41  54 45 44 5f 41 54 2c 20  |VE, CREATED_AT, |
00000090  4d 4f 44 49 46 49 45 44  5f 41 54 20 46 52 4f 4d  |MODIFIED_AT FROM|
000000a0  20 44 42 5f 55 53 45 52  31 2e 53 54 41 46 46 20  | DB_USER1.STAFF |
000000b0  57 48 45 52 45 20 41 43  54 49 56 45 20 3d 20 31  |WHERE ACTIVE = 1|
000000c0  20 4f 52 44 45 52 20 42  59 20 43 52 45 41 54 45  | ORDER BY CREATE|
000000d0  44 5f 41 54 20 44 45 53  43 01 01 00 00 00 00 00  |D_AT DESC.......|
000000e0  00 01 01 00 02 80 00 00  00 00                    |..........|
2023-03-28T21:52:09.7897: reconnect trial #1
2023-03-28T21:52:09.7897: Connect
2023-03-28T21:52:09.7905: using: localhost:1521 ..... [SUCCEED]
2023-03-28T21:52:09.7906: Open :(DESCRIPTION=(ADDRESS=(PROTOCOL=tcp)(HOST=localhost)(PORT=1521))(CONNECT_DATA=(SERVICE_NAME=ORCLCDB.localdomain)(INSTANCE_NAME=ORCLCDB)(CID=(PROGRAM=/tmp/go-build1698919020/b001/exe/main)(HOST=fedora)(USER=thehaung))))
2023-03-28T21:52:09.7907: 
Write packet:
00000000  01 20 00 00 01 00 00 00  01 3d 01 2c 0c 01 ff ff  |. .......=.,....|
00000010  ff ff 4f 98 00 00 00 01  00 da 00 46 00 00 00 00  |..O........F....|
00000020  01 01 00 00 00 00 00 00  00 00 00 00 00 00 00 00  |................|
00000030  00 00 00 00 00 00 00 00  00 00 00 20 00 00 00 20  |........... ... |
00000040  00 00 00 00 00 00 28 44  45 53 43 52 49 50 54 49  |......(DESCRIPTI|
00000050  4f 4e 3d 28 41 44 44 52  45 53 53 3d 28 50 52 4f  |ON=(ADDRESS=(PRO|
00000060  54 4f 43 4f 4c 3d 74 63  70 29 28 48 4f 53 54 3d  |TOCOL=tcp)(HOST=|
00000070  6c 6f 63 61 6c 68 6f 73  74 29 28 50 4f 52 54 3d  |localhost)(PORT=|
00000080  31 35 32 31 29 29 28 43  4f 4e 4e 45 43 54 5f 44  |1521))(CONNECT_D|
00000090  41 54 41 3d 28 53 45 52  56 49 43 45 5f 4e 41 4d  |ATA=(SERVICE_NAM|
000000a0  45 3d 4f 52 43 4c 43 44  42 2e 6c 6f 63 61 6c 64  |E=ORCLCDB.locald|
000000b0  6f 6d 61 69 6e 29 28 49  4e 53 54 41 4e 43 45 5f  |omain)(INSTANCE_|
000000c0  4e 41 4d 45 3d 4f 52 43  4c 43 44 42 29 28 43 49  |NAME=ORCLCDB)(CI|
000000d0  44 3d 28 50 52 4f 47 52  41 4d 3d 2f 74 6d 70 2f  |D=(PROGRAM=/tmp/|
000000e0  67 6f 2d 62 75 69 6c 64  31 36 39 38 39 31 39 30  |go-build16989190|
000000f0  32 30 2f 62 30 30 31 2f  65 78 65 2f 6d 61 69 6e  |20/b001/exe/main|
00000100  29 28 48 4f 53 54 3d 66  65 64 6f 72 61 29 28 55  |)(HOST=fedora)(U|
00000110  53 45 52 3d 74 68 65 68  61 75 6e 67 29 29 29 29  |SER=thehaung))))|
2023-03-28T21:52:09.7913: 
Read packet:
00000000  00 67 00 00 04 00 00 00  22 00 00 5b 28 44 45 53  |.g......"..[(DES|
00000010  43 52 49 50 54 49 4f 4e  3d 28 54 4d 50 3d 29 28  |CRIPTION=(TMP=)(|
00000020  56 53 4e 4e 55 4d 3d 32  30 33 34 32 34 30 30 30  |VSNNUM=203424000|
00000030  29 28 45 52 52 3d 31 32  35 32 38 29 28 45 52 52  |)(ERR=12528)(ERR|
00000040  4f 52 5f 53 54 41 43 4b  3d 28 45 52 52 4f 52 3d  |OR_STACK=(ERROR=|
00000050  28 43 4f 44 45 3d 31 32  35 32 38 29 28 45 4d 46  |(CODE=12528)(EMF|
00000060  49 3d 34 29 29 29 29                              |I=4))))|
2023-03-28T21:52:09.7915: connection to localhost:1521 refused with error: ORA-12528
2023-03-28T21:52:09.7916: Error: ORA-12528
2023-03-28T21:52:09.7916: reconnect trial #2
2023-03-28T21:52:09.7917: Connect
2023-03-28T21:52:09.7923: using: localhost:1521 ..... [SUCCEED]
2023-03-28T21:52:09.7924: Open :(DESCRIPTION=(ADDRESS=(PROTOCOL=tcp)(HOST=localhost)(PORT=1521))(CONNECT_DATA=(SERVICE_NAME=ORCLCDB.localdomain)(INSTANCE_NAME=ORCLCDB)(CID=(PROGRAM=/tmp/go-build1698919020/b001/exe/main)(HOST=fedora)(USER=thehaung))))
2023-03-28T21:52:09.7924: 
Write packet:
00000000  01 20 00 00 01 00 00 00  01 3d 01 2c 0c 01 ff ff  |. .......=.,....|
00000010  ff ff 4f 98 00 00 00 01  00 da 00 46 00 00 00 00  |..O........F....|
00000020  01 01 00 00 00 00 00 00  00 00 00 00 00 00 00 00  |................|
00000030  00 00 00 00 00 00 00 00  00 00 00 20 00 00 00 20  |........... ... |
00000040  00 00 00 00 00 00 28 44  45 53 43 52 49 50 54 49  |......(DESCRIPTI|
00000050  4f 4e 3d 28 41 44 44 52  45 53 53 3d 28 50 52 4f  |ON=(ADDRESS=(PRO|
00000060  54 4f 43 4f 4c 3d 74 63  70 29 28 48 4f 53 54 3d  |TOCOL=tcp)(HOST=|
00000070  6c 6f 63 61 6c 68 6f 73  74 29 28 50 4f 52 54 3d  |localhost)(PORT=|
00000080  31 35 32 31 29 29 28 43  4f 4e 4e 45 43 54 5f 44  |1521))(CONNECT_D|
00000090  41 54 41 3d 28 53 45 52  56 49 43 45 5f 4e 41 4d  |ATA=(SERVICE_NAM|
000000a0  45 3d 4f 52 43 4c 43 44  42 2e 6c 6f 63 61 6c 64  |E=ORCLCDB.locald|
000000b0  6f 6d 61 69 6e 29 28 49  4e 53 54 41 4e 43 45 5f  |omain)(INSTANCE_|
000000c0  4e 41 4d 45 3d 4f 52 43  4c 43 44 42 29 28 43 49  |NAME=ORCLCDB)(CI|
000000d0  44 3d 28 50 52 4f 47 52  41 4d 3d 2f 74 6d 70 2f  |D=(PROGRAM=/tmp/|
000000e0  67 6f 2d 62 75 69 6c 64  31 36 39 38 39 31 39 30  |go-build16989190|
000000f0  32 30 2f 62 30 30 31 2f  65 78 65 2f 6d 61 69 6e  |20/b001/exe/main|
00000100  29 28 48 4f 53 54 3d 66  65 64 6f 72 61 29 28 55  |)(HOST=fedora)(U|
00000110  53 45 52 3d 74 68 65 68  61 75 6e 67 29 29 29 29  |SER=thehaung))))|
2023-03-28T21:52:09.7929: 
Read packet:
00000000  00 67 00 00 04 00 00 00  22 00 00 5b 28 44 45 53  |.g......"..[(DES|
00000010  43 52 49 50 54 49 4f 4e  3d 28 54 4d 50 3d 29 28  |CRIPTION=(TMP=)(|
00000020  56 53 4e 4e 55 4d 3d 32  30 33 34 32 34 30 30 30  |VSNNUM=203424000|
00000030  29 28 45 52 52 3d 31 32  35 32 38 29 28 45 52 52  |)(ERR=12528)(ERR|
00000040  4f 52 5f 53 54 41 43 4b  3d 28 45 52 52 4f 52 3d  |OR_STACK=(ERROR=|
00000050  28 43 4f 44 45 3d 31 32  35 32 38 29 28 45 4d 46  |(CODE=12528)(EMF|
00000060  49 3d 34 29 29 29 29                              |I=4))))|
2023-03-28T21:52:09.7930: connection to localhost:1521 refused with error: ORA-12528
2023-03-28T21:52:09.7932: Error: ORA-12528
2023-03-28T21:52:09.7932: reconnect trial #3
2023-03-28T21:52:09.7933: Connect
2023-03-28T21:52:09.7937: using: localhost:1521 ..... [SUCCEED]
2023-03-28T21:52:09.7938: Open :(DESCRIPTION=(ADDRESS=(PROTOCOL=tcp)(HOST=localhost)(PORT=1521))(CONNECT_DATA=(SERVICE_NAME=ORCLCDB.localdomain)(INSTANCE_NAME=ORCLCDB)(CID=(PROGRAM=/tmp/go-build1698919020/b001/exe/main)(HOST=fedora)(USER=thehaung))))
2023-03-28T21:52:09.7938: 
Write packet:
00000000  01 20 00 00 01 00 00 00  01 3d 01 2c 0c 01 ff ff  |. .......=.,....|
00000010  ff ff 4f 98 00 00 00 01  00 da 00 46 00 00 00 00  |..O........F....|
00000020  01 01 00 00 00 00 00 00  00 00 00 00 00 00 00 00  |................|
00000030  00 00 00 00 00 00 00 00  00 00 00 20 00 00 00 20  |........... ... |
00000040  00 00 00 00 00 00 28 44  45 53 43 52 49 50 54 49  |......(DESCRIPTI|
00000050  4f 4e 3d 28 41 44 44 52  45 53 53 3d 28 50 52 4f  |ON=(ADDRESS=(PRO|
00000060  54 4f 43 4f 4c 3d 74 63  70 29 28 48 4f 53 54 3d  |TOCOL=tcp)(HOST=|
00000070  6c 6f 63 61 6c 68 6f 73  74 29 28 50 4f 52 54 3d  |localhost)(PORT=|
00000080  31 35 32 31 29 29 28 43  4f 4e 4e 45 43 54 5f 44  |1521))(CONNECT_D|
00000090  41 54 41 3d 28 53 45 52  56 49 43 45 5f 4e 41 4d  |ATA=(SERVICE_NAM|
000000a0  45 3d 4f 52 43 4c 43 44  42 2e 6c 6f 63 61 6c 64  |E=ORCLCDB.locald|
000000b0  6f 6d 61 69 6e 29 28 49  4e 53 54 41 4e 43 45 5f  |omain)(INSTANCE_|
000000c0  4e 41 4d 45 3d 4f 52 43  4c 43 44 42 29 28 43 49  |NAME=ORCLCDB)(CI|
000000d0  44 3d 28 50 52 4f 47 52  41 4d 3d 2f 74 6d 70 2f  |D=(PROGRAM=/tmp/|
000000e0  67 6f 2d 62 75 69 6c 64  31 36 39 38 39 31 39 30  |go-build16989190|
000000f0  32 30 2f 62 30 30 31 2f  65 78 65 2f 6d 61 69 6e  |20/b001/exe/main|
00000100  29 28 48 4f 53 54 3d 66  65 64 6f 72 61 29 28 55  |)(HOST=fedora)(U|
00000110  53 45 52 3d 74 68 65 68  61 75 6e 67 29 29 29 29  |SER=thehaung))))|
2023-03-28T21:52:09.7944: 
Read packet:
00000000  00 67 00 00 04 00 00 00  22 00 00 5b 28 44 45 53  |.g......"..[(DES|
00000010  43 52 49 50 54 49 4f 4e  3d 28 54 4d 50 3d 29 28  |CRIPTION=(TMP=)(|
00000020  56 53 4e 4e 55 4d 3d 32  30 33 34 32 34 30 30 30  |VSNNUM=203424000|
00000030  29 28 45 52 52 3d 31 32  35 32 38 29 28 45 52 52  |)(ERR=12528)(ERR|
00000040  4f 52 5f 53 54 41 43 4b  3d 28 45 52 52 4f 52 3d  |OR_STACK=(ERROR=|
00000050  28 43 4f 44 45 3d 31 32  35 32 38 29 28 45 4d 46  |(CODE=12528)(EMF|
00000060  49 3d 34 29 29 29 29                              |I=4))))|
2023-03-28T21:52:09.7945: connection to localhost:1521 refused with error: ORA-12528
2023-03-28T21:52:09.7946: Error: ORA-12528
2023-03-28T21:52:09.7946: reconnect trial #4
2023-03-28T21:52:09.7947: Connect
2023-03-28T21:52:09.7952: using: localhost:1521 ..... [SUCCEED]
2023-03-28T21:52:09.7952: Open :(DESCRIPTION=(ADDRESS=(PROTOCOL=tcp)(HOST=localhost)(PORT=1521))(CONNECT_DATA=(SERVICE_NAME=ORCLCDB.localdomain)(INSTANCE_NAME=ORCLCDB)(CID=(PROGRAM=/tmp/go-build1698919020/b001/exe/main)(HOST=fedora)(USER=thehaung))))
2023-03-28T21:52:09.7953: 
Write packet:
00000000  01 20 00 00 01 00 00 00  01 3d 01 2c 0c 01 ff ff  |. .......=.,....|
00000010  ff ff 4f 98 00 00 00 01  00 da 00 46 00 00 00 00  |..O........F....|
00000020  01 01 00 00 00 00 00 00  00 00 00 00 00 00 00 00  |................|
00000030  00 00 00 00 00 00 00 00  00 00 00 20 00 00 00 20  |........... ... |
00000040  00 00 00 00 00 00 28 44  45 53 43 52 49 50 54 49  |......(DESCRIPTI|
00000050  4f 4e 3d 28 41 44 44 52  45 53 53 3d 28 50 52 4f  |ON=(ADDRESS=(PRO|
00000060  54 4f 43 4f 4c 3d 74 63  70 29 28 48 4f 53 54 3d  |TOCOL=tcp)(HOST=|
00000070  6c 6f 63 61 6c 68 6f 73  74 29 28 50 4f 52 54 3d  |localhost)(PORT=|
00000080  31 35 32 31 29 29 28 43  4f 4e 4e 45 43 54 5f 44  |1521))(CONNECT_D|
00000090  41 54 41 3d 28 53 45 52  56 49 43 45 5f 4e 41 4d  |ATA=(SERVICE_NAM|
000000a0  45 3d 4f 52 43 4c 43 44  42 2e 6c 6f 63 61 6c 64  |E=ORCLCDB.locald|
000000b0  6f 6d 61 69 6e 29 28 49  4e 53 54 41 4e 43 45 5f  |omain)(INSTANCE_|
000000c0  4e 41 4d 45 3d 4f 52 43  4c 43 44 42 29 28 43 49  |NAME=ORCLCDB)(CI|
000000d0  44 3d 28 50 52 4f 47 52  41 4d 3d 2f 74 6d 70 2f  |D=(PROGRAM=/tmp/|
000000e0  67 6f 2d 62 75 69 6c 64  31 36 39 38 39 31 39 30  |go-build16989190|
000000f0  32 30 2f 62 30 30 31 2f  65 78 65 2f 6d 61 69 6e  |20/b001/exe/main|
00000100  29 28 48 4f 53 54 3d 66  65 64 6f 72 61 29 28 55  |)(HOST=fedora)(U|
00000110  53 45 52 3d 74 68 65 68  61 75 6e 67 29 29 29 29  |SER=thehaung))))|
2023-03-28T21:52:09.7957: 
Read packet:
00000000  00 67 00 00 04 00 00 00  22 00 00 5b 28 44 45 53  |.g......"..[(DES|
00000010  43 52 49 50 54 49 4f 4e  3d 28 54 4d 50 3d 29 28  |CRIPTION=(TMP=)(|
00000020  56 53 4e 4e 55 4d 3d 32  30 33 34 32 34 30 30 30  |VSNNUM=203424000|
00000030  29 28 45 52 52 3d 31 32  35 32 38 29 28 45 52 52  |)(ERR=12528)(ERR|
00000040  4f 52 5f 53 54 41 43 4b  3d 28 45 52 52 4f 52 3d  |OR_STACK=(ERROR=|
00000050  28 43 4f 44 45 3d 31 32  35 32 38 29 28 45 4d 46  |(CODE=12528)(EMF|
00000060  49 3d 34 29 29 29 29                              |I=4))))|
2023-03-28T21:52:09.7958: connection to localhost:1521 refused with error: ORA-12528
2023-03-28T21:52:09.7959: Error: ORA-12528
2023-03-28T21:52:09.7959: reconnect trial #5
2023-03-28T21:52:09.7959: Connect
2023-03-28T21:52:09.7964: using: localhost:1521 ..... [SUCCEED]
2023-03-28T21:52:09.7964: Open :(DESCRIPTION=(ADDRESS=(PROTOCOL=tcp)(HOST=localhost)(PORT=1521))(CONNECT_DATA=(SERVICE_NAME=ORCLCDB.localdomain)(INSTANCE_NAME=ORCLCDB)(CID=(PROGRAM=/tmp/go-build1698919020/b001/exe/main)(HOST=fedora)(USER=thehaung))))
2023-03-28T21:52:09.7965: 
Write packet:
00000000  01 20 00 00 01 00 00 00  01 3d 01 2c 0c 01 ff ff  |. .......=.,....|
00000010  ff ff 4f 98 00 00 00 01  00 da 00 46 00 00 00 00  |..O........F....|
00000020  01 01 00 00 00 00 00 00  00 00 00 00 00 00 00 00  |................|
00000030  00 00 00 00 00 00 00 00  00 00 00 20 00 00 00 20  |........... ... |
00000040  00 00 00 00 00 00 28 44  45 53 43 52 49 50 54 49  |......(DESCRIPTI|
00000050  4f 4e 3d 28 41 44 44 52  45 53 53 3d 28 50 52 4f  |ON=(ADDRESS=(PRO|
00000060  54 4f 43 4f 4c 3d 74 63  70 29 28 48 4f 53 54 3d  |TOCOL=tcp)(HOST=|
00000070  6c 6f 63 61 6c 68 6f 73  74 29 28 50 4f 52 54 3d  |localhost)(PORT=|
00000080  31 35 32 31 29 29 28 43  4f 4e 4e 45 43 54 5f 44  |1521))(CONNECT_D|
00000090  41 54 41 3d 28 53 45 52  56 49 43 45 5f 4e 41 4d  |ATA=(SERVICE_NAM|
000000a0  45 3d 4f 52 43 4c 43 44  42 2e 6c 6f 63 61 6c 64  |E=ORCLCDB.locald|
000000b0  6f 6d 61 69 6e 29 28 49  4e 53 54 41 4e 43 45 5f  |omain)(INSTANCE_|
000000c0  4e 41 4d 45 3d 4f 52 43  4c 43 44 42 29 28 43 49  |NAME=ORCLCDB)(CI|
000000d0  44 3d 28 50 52 4f 47 52  41 4d 3d 2f 74 6d 70 2f  |D=(PROGRAM=/tmp/|
000000e0  67 6f 2d 62 75 69 6c 64  31 36 39 38 39 31 39 30  |go-build16989190|
000000f0  32 30 2f 62 30 30 31 2f  65 78 65 2f 6d 61 69 6e  |20/b001/exe/main|
00000100  29 28 48 4f 53 54 3d 66  65 64 6f 72 61 29 28 55  |)(HOST=fedora)(U|
00000110  53 45 52 3d 74 68 65 68  61 75 6e 67 29 29 29 29  |SER=thehaung))))|
2023-03-28T21:52:09.7968: 
Read packet:
00000000  00 67 00 00 04 00 00 00  22 00 00 5b 28 44 45 53  |.g......"..[(DES|
00000010  43 52 49 50 54 49 4f 4e  3d 28 54 4d 50 3d 29 28  |CRIPTION=(TMP=)(|
00000020  56 53 4e 4e 55 4d 3d 32  30 33 34 32 34 30 30 30  |VSNNUM=203424000|
00000030  29 28 45 52 52 3d 31 32  35 32 38 29 28 45 52 52  |)(ERR=12528)(ERR|
00000040  4f 52 5f 53 54 41 43 4b  3d 28 45 52 52 4f 52 3d  |OR_STACK=(ERROR=|
00000050  28 43 4f 44 45 3d 31 32  35 32 38 29 28 45 4d 46  |(CODE=12528)(EMF|
00000060  49 3d 34 29 29 29 29                              |I=4))))|
2023-03-28T21:52:09.7969: connection to localhost:1521 refused with error: ORA-12528
2023-03-28T21:52:09.7970: Error: ORA-12528
2023-03-28T21:52:09.7971: reconnect trial #6
2023-03-28T21:52:09.7971: Connect
2023-03-28T21:52:09.7977: using: localhost:1521 ..... [SUCCEED]
2023-03-28T21:52:09.7977: Open :(DESCRIPTION=(ADDRESS=(PROTOCOL=tcp)(HOST=localhost)(PORT=1521))(CONNECT_DATA=(SERVICE_NAME=ORCLCDB.localdomain)(INSTANCE_NAME=ORCLCDB)(CID=(PROGRAM=/tmp/go-build1698919020/b001/exe/main)(HOST=fedora)(USER=thehaung))))
2023-03-28T21:52:09.7978: 
Write packet:
00000000  01 20 00 00 01 00 00 00  01 3d 01 2c 0c 01 ff ff  |. .......=.,....|
00000010  ff ff 4f 98 00 00 00 01  00 da 00 46 00 00 00 00  |..O........F....|
00000020  01 01 00 00 00 00 00 00  00 00 00 00 00 00 00 00  |................|
00000030  00 00 00 00 00 00 00 00  00 00 00 20 00 00 00 20  |........... ... |
00000040  00 00 00 00 00 00 28 44  45 53 43 52 49 50 54 49  |......(DESCRIPTI|
00000050  4f 4e 3d 28 41 44 44 52  45 53 53 3d 28 50 52 4f  |ON=(ADDRESS=(PRO|
00000060  54 4f 43 4f 4c 3d 74 63  70 29 28 48 4f 53 54 3d  |TOCOL=tcp)(HOST=|
00000070  6c 6f 63 61 6c 68 6f 73  74 29 28 50 4f 52 54 3d  |localhost)(PORT=|
00000080  31 35 32 31 29 29 28 43  4f 4e 4e 45 43 54 5f 44  |1521))(CONNECT_D|
00000090  41 54 41 3d 28 53 45 52  56 49 43 45 5f 4e 41 4d  |ATA=(SERVICE_NAM|
000000a0  45 3d 4f 52 43 4c 43 44  42 2e 6c 6f 63 61 6c 64  |E=ORCLCDB.locald|
000000b0  6f 6d 61 69 6e 29 28 49  4e 53 54 41 4e 43 45 5f  |omain)(INSTANCE_|
000000c0  4e 41 4d 45 3d 4f 52 43  4c 43 44 42 29 28 43 49  |NAME=ORCLCDB)(CI|
000000d0  44 3d 28 50 52 4f 47 52  41 4d 3d 2f 74 6d 70 2f  |D=(PROGRAM=/tmp/|
000000e0  67 6f 2d 62 75 69 6c 64  31 36 39 38 39 31 39 30  |go-build16989190|
000000f0  32 30 2f 62 30 30 31 2f  65 78 65 2f 6d 61 69 6e  |20/b001/exe/main|
00000100  29 28 48 4f 53 54 3d 66  65 64 6f 72 61 29 28 55  |)(HOST=fedora)(U|
00000110  53 45 52 3d 74 68 65 68  61 75 6e 67 29 29 29 29  |SER=thehaung))))|
2023-03-28T21:52:09.7982: 
Read packet:
00000000  00 67 00 00 04 00 00 00  22 00 00 5b 28 44 45 53  |.g......"..[(DES|
00000010  43 52 49 50 54 49 4f 4e  3d 28 54 4d 50 3d 29 28  |CRIPTION=(TMP=)(|
00000020  56 53 4e 4e 55 4d 3d 32  30 33 34 32 34 30 30 30  |VSNNUM=203424000|
00000030  29 28 45 52 52 3d 31 32  35 32 38 29 28 45 52 52  |)(ERR=12528)(ERR|
00000040  4f 52 5f 53 54 41 43 4b  3d 28 45 52 52 4f 52 3d  |OR_STACK=(ERROR=|
00000050  28 43 4f 44 45 3d 31 32  35 32 38 29 28 45 4d 46  |(CODE=12528)(EMF|
00000060  49 3d 34 29 29 29 29                              |I=4))))|
2023-03-28T21:52:09.7984: connection to localhost:1521 refused with error: ORA-12528
2023-03-28T21:52:09.7985: Error: ORA-12528
2023-03-28T21:52:09.7985: reconnect trial #7
2023-03-28T21:52:09.7985: Connect
2023-03-28T21:52:09.7990: using: localhost:1521 ..... [SUCCEED]
2023-03-28T21:52:09.7990: Open :(DESCRIPTION=(ADDRESS=(PROTOCOL=tcp)(HOST=localhost)(PORT=1521))(CONNECT_DATA=(SERVICE_NAME=ORCLCDB.localdomain)(INSTANCE_NAME=ORCLCDB)(CID=(PROGRAM=/tmp/go-build1698919020/b001/exe/main)(HOST=fedora)(USER=thehaung))))
2023-03-28T21:52:09.7991: 
Write packet:
00000000  01 20 00 00 01 00 00 00  01 3d 01 2c 0c 01 ff ff  |. .......=.,....|
00000010  ff ff 4f 98 00 00 00 01  00 da 00 46 00 00 00 00  |..O........F....|
00000020  01 01 00 00 00 00 00 00  00 00 00 00 00 00 00 00  |................|
00000030  00 00 00 00 00 00 00 00  00 00 00 20 00 00 00 20  |........... ... |
00000040  00 00 00 00 00 00 28 44  45 53 43 52 49 50 54 49  |......(DESCRIPTI|
00000050  4f 4e 3d 28 41 44 44 52  45 53 53 3d 28 50 52 4f  |ON=(ADDRESS=(PRO|
00000060  54 4f 43 4f 4c 3d 74 63  70 29 28 48 4f 53 54 3d  |TOCOL=tcp)(HOST=|
00000070  6c 6f 63 61 6c 68 6f 73  74 29 28 50 4f 52 54 3d  |localhost)(PORT=|
00000080  31 35 32 31 29 29 28 43  4f 4e 4e 45 43 54 5f 44  |1521))(CONNECT_D|
00000090  41 54 41 3d 28 53 45 52  56 49 43 45 5f 4e 41 4d  |ATA=(SERVICE_NAM|
000000a0  45 3d 4f 52 43 4c 43 44  42 2e 6c 6f 63 61 6c 64  |E=ORCLCDB.locald|
000000b0  6f 6d 61 69 6e 29 28 49  4e 53 54 41 4e 43 45 5f  |omain)(INSTANCE_|
000000c0  4e 41 4d 45 3d 4f 52 43  4c 43 44 42 29 28 43 49  |NAME=ORCLCDB)(CI|
000000d0  44 3d 28 50 52 4f 47 52  41 4d 3d 2f 74 6d 70 2f  |D=(PROGRAM=/tmp/|
000000e0  67 6f 2d 62 75 69 6c 64  31 36 39 38 39 31 39 30  |go-build16989190|
000000f0  32 30 2f 62 30 30 31 2f  65 78 65 2f 6d 61 69 6e  |20/b001/exe/main|
00000100  29 28 48 4f 53 54 3d 66  65 64 6f 72 61 29 28 55  |)(HOST=fedora)(U|
00000110  53 45 52 3d 74 68 65 68  61 75 6e 67 29 29 29 29  |SER=thehaung))))|
2023-03-28T21:52:09.7994: 
Read packet:
00000000  00 67 00 00 04 00 00 00  22 00 00 5b 28 44 45 53  |.g......"..[(DES|
00000010  43 52 49 50 54 49 4f 4e  3d 28 54 4d 50 3d 29 28  |CRIPTION=(TMP=)(|
00000020  56 53 4e 4e 55 4d 3d 32  30 33 34 32 34 30 30 30  |VSNNUM=203424000|
00000030  29 28 45 52 52 3d 31 32  35 32 38 29 28 45 52 52  |)(ERR=12528)(ERR|
00000040  4f 52 5f 53 54 41 43 4b  3d 28 45 52 52 4f 52 3d  |OR_STACK=(ERROR=|
00000050  28 43 4f 44 45 3d 31 32  35 32 38 29 28 45 4d 46  |(CODE=12528)(EMF|
00000060  49 3d 34 29 29 29 29                              |I=4))))|
2023-03-28T21:52:09.7994: connection to localhost:1521 refused with error: ORA-12528
2023-03-28T21:52:09.7995: Error: ORA-12528
2023-03-28T21:52:09.7995: reconnect trial #8
2023-03-28T21:52:09.7995: Connect
2023-03-28T21:52:09.7998: using: localhost:1521 ..... [SUCCEED]
2023-03-28T21:52:09.7999: Open :(DESCRIPTION=(ADDRESS=(PROTOCOL=tcp)(HOST=localhost)(PORT=1521))(CONNECT_DATA=(SERVICE_NAME=ORCLCDB.localdomain)(INSTANCE_NAME=ORCLCDB)(CID=(PROGRAM=/tmp/go-build1698919020/b001/exe/main)(HOST=fedora)(USER=thehaung))))
2023-03-28T21:52:09.7999: 
Write packet:
00000000  01 20 00 00 01 00 00 00  01 3d 01 2c 0c 01 ff ff  |. .......=.,....|
00000010  ff ff 4f 98 00 00 00 01  00 da 00 46 00 00 00 00  |..O........F....|
00000020  01 01 00 00 00 00 00 00  00 00 00 00 00 00 00 00  |................|
00000030  00 00 00 00 00 00 00 00  00 00 00 20 00 00 00 20  |........... ... |
00000040  00 00 00 00 00 00 28 44  45 53 43 52 49 50 54 49  |......(DESCRIPTI|
00000050  4f 4e 3d 28 41 44 44 52  45 53 53 3d 28 50 52 4f  |ON=(ADDRESS=(PRO|
00000060  54 4f 43 4f 4c 3d 74 63  70 29 28 48 4f 53 54 3d  |TOCOL=tcp)(HOST=|
00000070  6c 6f 63 61 6c 68 6f 73  74 29 28 50 4f 52 54 3d  |localhost)(PORT=|
00000080  31 35 32 31 29 29 28 43  4f 4e 4e 45 43 54 5f 44  |1521))(CONNECT_D|
00000090  41 54 41 3d 28 53 45 52  56 49 43 45 5f 4e 41 4d  |ATA=(SERVICE_NAM|
000000a0  45 3d 4f 52 43 4c 43 44  42 2e 6c 6f 63 61 6c 64  |E=ORCLCDB.locald|
000000b0  6f 6d 61 69 6e 29 28 49  4e 53 54 41 4e 43 45 5f  |omain)(INSTANCE_|
000000c0  4e 41 4d 45 3d 4f 52 43  4c 43 44 42 29 28 43 49  |NAME=ORCLCDB)(CI|
000000d0  44 3d 28 50 52 4f 47 52  41 4d 3d 2f 74 6d 70 2f  |D=(PROGRAM=/tmp/|
000000e0  67 6f 2d 62 75 69 6c 64  31 36 39 38 39 31 39 30  |go-build16989190|
000000f0  32 30 2f 62 30 30 31 2f  65 78 65 2f 6d 61 69 6e  |20/b001/exe/main|
00000100  29 28 48 4f 53 54 3d 66  65 64 6f 72 61 29 28 55  |)(HOST=fedora)(U|
00000110  53 45 52 3d 74 68 65 68  61 75 6e 67 29 29 29 29  |SER=thehaung))))|
2023-03-28T21:52:09.8003: 
Read packet:
00000000  00 67 00 00 04 00 00 00  22 00 00 5b 28 44 45 53  |.g......"..[(DES|
00000010  43 52 49 50 54 49 4f 4e  3d 28 54 4d 50 3d 29 28  |CRIPTION=(TMP=)(|
00000020  56 53 4e 4e 55 4d 3d 32  30 33 34 32 34 30 30 30  |VSNNUM=203424000|
00000030  29 28 45 52 52 3d 31 32  35 32 38 29 28 45 52 52  |)(ERR=12528)(ERR|
00000040  4f 52 5f 53 54 41 43 4b  3d 28 45 52 52 4f 52 3d  |OR_STACK=(ERROR=|
00000050  28 43 4f 44 45 3d 31 32  35 32 38 29 28 45 4d 46  |(CODE=12528)(EMF|
00000060  49 3d 34 29 29 29 29                              |I=4))))|
2023-03-28T21:52:09.8004: connection to localhost:1521 refused with error: ORA-12528
2023-03-28T21:52:09.8005: Error: ORA-12528
2023-03-28T21:52:09.8005: reconnect trial #9
2023-03-28T21:52:09.8005: Connect
2023-03-28T21:52:09.8010: using: localhost:1521 ..... [SUCCEED]
2023-03-28T21:52:09.8010: Open :(DESCRIPTION=(ADDRESS=(PROTOCOL=tcp)(HOST=localhost)(PORT=1521))(CONNECT_DATA=(SERVICE_NAME=ORCLCDB.localdomain)(INSTANCE_NAME=ORCLCDB)(CID=(PROGRAM=/tmp/go-build1698919020/b001/exe/main)(HOST=fedora)(USER=thehaung))))
2023-03-28T21:52:09.8011: 
Write packet:
00000000  01 20 00 00 01 00 00 00  01 3d 01 2c 0c 01 ff ff  |. .......=.,....|
00000010  ff ff 4f 98 00 00 00 01  00 da 00 46 00 00 00 00  |..O........F....|
00000020  01 01 00 00 00 00 00 00  00 00 00 00 00 00 00 00  |................|
00000030  00 00 00 00 00 00 00 00  00 00 00 20 00 00 00 20  |........... ... |
00000040  00 00 00 00 00 00 28 44  45 53 43 52 49 50 54 49  |......(DESCRIPTI|
00000050  4f 4e 3d 28 41 44 44 52  45 53 53 3d 28 50 52 4f  |ON=(ADDRESS=(PRO|
00000060  54 4f 43 4f 4c 3d 74 63  70 29 28 48 4f 53 54 3d  |TOCOL=tcp)(HOST=|
00000070  6c 6f 63 61 6c 68 6f 73  74 29 28 50 4f 52 54 3d  |localhost)(PORT=|
00000080  31 35 32 31 29 29 28 43  4f 4e 4e 45 43 54 5f 44  |1521))(CONNECT_D|
00000090  41 54 41 3d 28 53 45 52  56 49 43 45 5f 4e 41 4d  |ATA=(SERVICE_NAM|
000000a0  45 3d 4f 52 43 4c 43 44  42 2e 6c 6f 63 61 6c 64  |E=ORCLCDB.locald|
000000b0  6f 6d 61 69 6e 29 28 49  4e 53 54 41 4e 43 45 5f  |omain)(INSTANCE_|
000000c0  4e 41 4d 45 3d 4f 52 43  4c 43 44 42 29 28 43 49  |NAME=ORCLCDB)(CI|
000000d0  44 3d 28 50 52 4f 47 52  41 4d 3d 2f 74 6d 70 2f  |D=(PROGRAM=/tmp/|
000000e0  67 6f 2d 62 75 69 6c 64  31 36 39 38 39 31 39 30  |go-build16989190|
000000f0  32 30 2f 62 30 30 31 2f  65 78 65 2f 6d 61 69 6e  |20/b001/exe/main|
00000100  29 28 48 4f 53 54 3d 66  65 64 6f 72 61 29 28 55  |)(HOST=fedora)(U|
00000110  53 45 52 3d 74 68 65 68  61 75 6e 67 29 29 29 29  |SER=thehaung))))|
2023-03-28T21:52:09.8014: 
Read packet:
00000000  00 67 00 00 04 00 00 00  22 00 00 5b 28 44 45 53  |.g......"..[(DES|
00000010  43 52 49 50 54 49 4f 4e  3d 28 54 4d 50 3d 29 28  |CRIPTION=(TMP=)(|
00000020  56 53 4e 4e 55 4d 3d 32  30 33 34 32 34 30 30 30  |VSNNUM=203424000|
00000030  29 28 45 52 52 3d 31 32  35 32 38 29 28 45 52 52  |)(ERR=12528)(ERR|
00000040  4f 52 5f 53 54 41 43 4b  3d 28 45 52 52 4f 52 3d  |OR_STACK=(ERROR=|
00000050  28 43 4f 44 45 3d 31 32  35 32 38 29 28 45 4d 46  |(CODE=12528)(EMF|
00000060  49 3d 34 29 29 29 29                              |I=4))))|
2023-03-28T21:52:09.8015: connection to localhost:1521 refused with error: ORA-12528
2023-03-28T21:52:09.8016: Error: ORA-12528
2023-03-28T21:52:09.8016: reconnect trial #10
2023-03-28T21:52:09.8017: Connect
2023-03-28T21:52:09.8022: using: localhost:1521 ..... [SUCCEED]
2023-03-28T21:52:09.8022: Open :(DESCRIPTION=(ADDRESS=(PROTOCOL=tcp)(HOST=localhost)(PORT=1521))(CONNECT_DATA=(SERVICE_NAME=ORCLCDB.localdomain)(INSTANCE_NAME=ORCLCDB)(CID=(PROGRAM=/tmp/go-build1698919020/b001/exe/main)(HOST=fedora)(USER=thehaung))))
2023-03-28T21:52:09.8023: 
Write packet:
00000000  01 20 00 00 01 00 00 00  01 3d 01 2c 0c 01 ff ff  |. .......=.,....|
00000010  ff ff 4f 98 00 00 00 01  00 da 00 46 00 00 00 00  |..O........F....|
00000020  01 01 00 00 00 00 00 00  00 00 00 00 00 00 00 00  |................|
00000030  00 00 00 00 00 00 00 00  00 00 00 20 00 00 00 20  |........... ... |
00000040  00 00 00 00 00 00 28 44  45 53 43 52 49 50 54 49  |......(DESCRIPTI|
00000050  4f 4e 3d 28 41 44 44 52  45 53 53 3d 28 50 52 4f  |ON=(ADDRESS=(PRO|
00000060  54 4f 43 4f 4c 3d 74 63  70 29 28 48 4f 53 54 3d  |TOCOL=tcp)(HOST=|
00000070  6c 6f 63 61 6c 68 6f 73  74 29 28 50 4f 52 54 3d  |localhost)(PORT=|
00000080  31 35 32 31 29 29 28 43  4f 4e 4e 45 43 54 5f 44  |1521))(CONNECT_D|
00000090  41 54 41 3d 28 53 45 52  56 49 43 45 5f 4e 41 4d  |ATA=(SERVICE_NAM|
000000a0  45 3d 4f 52 43 4c 43 44  42 2e 6c 6f 63 61 6c 64  |E=ORCLCDB.locald|
000000b0  6f 6d 61 69 6e 29 28 49  4e 53 54 41 4e 43 45 5f  |omain)(INSTANCE_|
000000c0  4e 41 4d 45 3d 4f 52 43  4c 43 44 42 29 28 43 49  |NAME=ORCLCDB)(CI|
000000d0  44 3d 28 50 52 4f 47 52  41 4d 3d 2f 74 6d 70 2f  |D=(PROGRAM=/tmp/|
000000e0  67 6f 2d 62 75 69 6c 64  31 36 39 38 39 31 39 30  |go-build16989190|
000000f0  32 30 2f 62 30 30 31 2f  65 78 65 2f 6d 61 69 6e  |20/b001/exe/main|
00000100  29 28 48 4f 53 54 3d 66  65 64 6f 72 61 29 28 55  |)(HOST=fedora)(U|
00000110  53 45 52 3d 74 68 65 68  61 75 6e 67 29 29 29 29  |SER=thehaung))))|
2023-03-28T21:52:09.8027: 
Read packet:
00000000  00 67 00 00 04 00 00 00  22 00 00 5b 28 44 45 53  |.g......"..[(DES|
00000010  43 52 49 50 54 49 4f 4e  3d 28 54 4d 50 3d 29 28  |CRIPTION=(TMP=)(|
00000020  56 53 4e 4e 55 4d 3d 32  30 33 34 32 34 30 30 30  |VSNNUM=203424000|
00000030  29 28 45 52 52 3d 31 32  35 32 38 29 28 45 52 52  |)(ERR=12528)(ERR|
00000040  4f 52 5f 53 54 41 43 4b  3d 28 45 52 52 4f 52 3d  |OR_STACK=(ERROR=|
00000050  28 43 4f 44 45 3d 31 32  35 32 38 29 28 45 4d 46  |(CODE=12528)(EMF|
00000060  49 3d 34 29 29 29 29                              |I=4))))|
2023-03-28T21:52:09.8028: connection to localhost:1521 refused with error: ORA-12528
2023-03-28T21:52:09.8029: Error: ORA-12528
